[2.128s] DEBUG:colcon:Command line arguments: ['/usr/bin/colcon', 'build']
[2.129s] DEBUG:colcon:Parsed command line arguments: Namespace(log_base=None, log_level=None, verb_name='build', build_base='build', install_base='install', merge_install=False, symlink_install=False, test_result_base=None, continue_on_error=False, executor='parallel', parallel_workers=4, event_handlers=None, ignore_user_meta=False, metas=['./colcon.meta'], base_paths=['.'], packages_ignore=None, packages_ignore_regex=None, paths=None, packages_up_to=None, packages_up_to_regex=None, packages_above=None, packages_above_and_dependencies=None, packages_above_depth=None, packages_select_by_dep=None, packages_skip_by_dep=None, packages_skip_up_to=None, packages_select_build_failed=False, packages_skip_build_finished=False, packages_select_test_failures=False, packages_skip_test_passed=False, packages_select=None, packages_skip=None, packages_select_regex=None, packages_skip_regex=None, packages_start=None, packages_end=None, allow_overriding=[], cmake_args=None, cmake_target=None, cmake_target_skip_unavailable=False, cmake_clean_cache=False, cmake_clean_first=False, cmake_force_configure=False, ament_cmake_args=None, catkin_cmake_args=None, catkin_skip_building_tests=False, mixin_files=None, mixin=None, verb_parser=<colcon_mixin.mixin.mixin_argument.MixinArgumentDecorator object at 0xffffb33ac0a0>, verb_extension=<colcon_core.verb.build.BuildVerb object at 0xffffb34e8760>, main=<bound method BuildVerb.main of <colcon_core.verb.build.BuildVerb object at 0xffffb34e8760>>, mixin_verb=('build',))
[4.632s] Level 1:colcon.colcon_core.package_discovery:discover_packages(colcon_meta) check parameters
[4.633s] Level 1:colcon.colcon_core.package_discovery:discover_packages(recursive) check parameters
[4.633s] Level 1:colcon.colcon_core.package_discovery:discover_packages(ignore) check parameters
[4.634s] Level 1:colcon.colcon_core.package_discovery:discover_packages(path) check parameters
[4.634s] Level 1:colcon.colcon_core.package_discovery:discover_packages(colcon_meta) discover
[4.634s] Level 1:colcon.colcon_core.package_discovery:discover_packages(recursive) discover
[4.635s] INFO:colcon.colcon_core.package_discovery:Crawling recursively for packages in '/home/robo2w/ros2_ws'
[4.636s] Level 1:colcon.colcon_core.package_identification:_identify(.) by extensions ['ignore', 'ignore_ament_install']
[4.637s] Level 1:colcon.colcon_core.package_identification:_identify(.) by extension 'ignore'
[4.638s] Level 1:colcon.colcon_core.package_identification:_identify(.) by extension 'ignore_ament_install'
[4.638s] Level 1:colcon.colcon_core.package_identification:_identify(.) by extensions ['colcon_pkg']
[4.639s] Level 1:colcon.colcon_core.package_identification:_identify(.) by extension 'colcon_pkg'
[4.640s] Level 1:colcon.colcon_core.package_identification:_identify(.) by extensions ['colcon_meta']
[4.640s] Level 1:colcon.colcon_core.package_identification:_identify(.) by extension 'colcon_meta'
[4.640s] Level 1:colcon.colcon_core.package_identification:_identify(.) by extensions ['ros']
[4.641s] Level 1:colcon.colcon_core.package_identification:_identify(.) by extension 'ros'
[4.824s] Level 1:colcon.colcon_core.package_identification:_identify(.) by extensions ['cmake', 'python']
[4.824s] Level 1:colcon.colcon_core.package_identification:_identify(.) by extension 'cmake'
[4.825s] Level 1:colcon.colcon_core.package_identification:_identify(.) by extension 'python'
[4.825s] Level 1:colcon.colcon_core.package_identification:_identify(.) by extensions ['python_setup_py']
[4.826s] Level 1:colcon.colcon_core.package_identification:_identify(.) by extension 'python_setup_py'
[4.827s] Level 1:colcon.colcon_core.package_identification:_identify(build) by extensions ['ignore', 'ignore_ament_install']
[4.828s] Level 1:colcon.colcon_core.package_identification:_identify(build) by extension 'ignore'
[4.828s] Level 1:colcon.colcon_core.package_identification:_identify(build) ignored
[4.830s] Level 1:colcon.colcon_core.package_identification:_identify(install) by extensions ['ignore', 'ignore_ament_install']
[4.831s] Level 1:colcon.colcon_core.package_identification:_identify(install) by extension 'ignore'
[4.831s] Level 1:colcon.colcon_core.package_identification:_identify(install) ignored
[4.833s] Level 1:colcon.colcon_core.package_identification:_identify(log) by extensions ['ignore', 'ignore_ament_install']
[4.833s] Level 1:colcon.colcon_core.package_identification:_identify(log) by extension 'ignore'
[4.834s] Level 1:colcon.colcon_core.package_identification:_identify(log) ignored
[4.835s] Level 1:colcon.colcon_core.package_identification:_identify(src) by extensions ['ignore', 'ignore_ament_install']
[4.836s] Level 1:colcon.colcon_core.package_identification:_identify(src) by extension 'ignore'
[4.836s] Level 1:colcon.colcon_core.package_identification:_identify(src) by extension 'ignore_ament_install'
[4.837s] Level 1:colcon.colcon_core.package_identification:_identify(src) by extensions ['colcon_pkg']
[4.837s] Level 1:colcon.colcon_core.package_identification:_identify(src) by extension 'colcon_pkg'
[4.838s] Level 1:colcon.colcon_core.package_identification:_identify(src) by extensions ['colcon_meta']
[4.838s] Level 1:colcon.colcon_core.package_identification:_identify(src) by extension 'colcon_meta'
[4.838s] Level 1:colcon.colcon_core.package_identification:_identify(src) by extensions ['ros']
[4.839s] Level 1:colcon.colcon_core.package_identification:_identify(src) by extension 'ros'
[4.840s] Level 1:colcon.colcon_core.package_identification:_identify(src) by extensions ['cmake', 'python']
[4.840s] Level 1:colcon.colcon_core.package_identification:_identify(src) by extension 'cmake'
[4.841s] Level 1:colcon.colcon_core.package_identification:_identify(src) by extension 'python'
[4.841s] Level 1:colcon.colcon_core.package_identification:_identify(src) by extensions ['python_setup_py']
[4.841s] Level 1:colcon.colcon_core.package_identification:_identify(src) by extension 'python_setup_py'
[4.842s] Level 1:colcon.colcon_core.package_discovery:discover_packages(recursive) using defaults
[4.842s] Level 1:colcon.colcon_core.package_discovery:discover_packages(ignore) discover
[4.843s] Level 1:colcon.colcon_core.package_discovery:discover_packages(ignore) using defaults
[4.843s] Level 1:colcon.colcon_core.package_discovery:discover_packages(path) discover
[4.843s] Level 1:colcon.colcon_core.package_discovery:discover_packages(path) using defaults
[5.141s] Level 1:colcon.colcon_core.package_discovery:discover_packages(prefix_path) check parameters
[5.142s] Level 1:colcon.colcon_core.package_discovery:discover_packages(prefix_path) discover
[5.186s] DEBUG:colcon.colcon_installed_package_information.package_discovery:Found 192 installed packages in /opt/ros/iron
[5.200s] Level 1:colcon.colcon_core.package_discovery:discover_packages(prefix_path) using defaults
[5.595s] INFO:colcon.colcon_core.executor:Executing jobs using 'parallel' executor
[5.603s] DEBUG:colcon.colcon_parallel_executor.executor.parallel:run_until_complete
[5.604s] DEBUG:colcon.colcon_parallel_executor.executor.parallel:closing loop
[5.606s] DEBUG:colcon.colcon_parallel_executor.executor.parallel:loop closed
[5.606s] DEBUG:colcon.colcon_parallel_executor.executor.parallel:run_until_complete finished with '0'
[5.607s] DEBUG:colcon.colcon_core.event_reactor:joining thread
[5.753s] INFO:colcon.colcon_core.plugin_system:Skipping extension 'colcon_notification.desktop_notification.notify_send': Could not find 'notify-send'
[5.754s] INFO:colcon.colcon_core.plugin_system:Skipping extension 'colcon_notification.desktop_notification.terminal_notifier': Not used on non-Darwin systems
[5.754s] INFO:colcon.colcon_core.plugin_system:Skipping extension 'colcon_notification.desktop_notification.win32': Not used on non-Windows systems
[5.755s] INFO:colcon.colcon_notification.desktop_notification:Sending desktop notification using 'notify2'
[5.827s] DEBUG:colcon.colcon_notification.desktop_notification.notify2:Failed to initialize notify2: org.freedesktop.DBus.Error.ServiceUnknown: The name org.freedesktop.Notifications was not provided by any .service files
[5.828s] DEBUG:colcon.colcon_core.event_reactor:joined thread
[5.868s] INFO:colcon.colcon_core.plugin_system:Skipping extension 'colcon_core.shell.bat': Not used on non-Windows systems
[5.871s] INFO:colcon.colcon_core.shell:Creating prefix script '/home/robo2w/ros2_ws/install/local_setup.ps1'
[5.883s] INFO:colcon.colcon_core.shell:Creating prefix util module '/home/robo2w/ros2_ws/install/_local_setup_util_ps1.py'
[5.900s] INFO:colcon.colcon_core.shell:Creating prefix chain script '/home/robo2w/ros2_ws/install/setup.ps1'
[5.912s] INFO:colcon.colcon_core.shell:Creating prefix script '/home/robo2w/ros2_ws/install/local_setup.sh'
[5.919s] INFO:colcon.colcon_core.shell:Creating prefix util module '/home/robo2w/ros2_ws/install/_local_setup_util_sh.py'
[5.924s] INFO:colcon.colcon_core.shell:Creating prefix chain script '/home/robo2w/ros2_ws/install/setup.sh'
[5.936s] INFO:colcon.colcon_core.shell:Creating prefix script '/home/robo2w/ros2_ws/install/local_setup.bash'
[5.945s] INFO:colcon.colcon_core.shell:Creating prefix chain script '/home/robo2w/ros2_ws/install/setup.bash'
[5.956s] INFO:colcon.colcon_core.shell:Creating prefix script '/home/robo2w/ros2_ws/install/local_setup.zsh'
[5.963s] INFO:colcon.colcon_core.shell:Creating prefix chain script '/home/robo2w/ros2_ws/install/setup.zsh'
