[6.050s] DEBUG:colcon:Command line arguments: ['/usr/bin/colcon', 'build']
[6.051s] DEBUG:colcon:Parsed command line arguments: Namespace(log_base=None, log_level=None, verb_name='build', build_base='build', install_base='install', merge_install=False, symlink_install=False, test_result_base=None, continue_on_error=False, executor='parallel', parallel_workers=4, event_handlers=None, ignore_user_meta=False, metas=['./colcon.meta'], base_paths=['.'], packages_ignore=None, packages_ignore_regex=None, paths=None, packages_up_to=None, packages_up_to_regex=None, packages_above=None, packages_above_and_dependencies=None, packages_above_depth=None, packages_select_by_dep=None, packages_skip_by_dep=None, packages_skip_up_to=None, packages_select_build_failed=False, packages_skip_build_finished=False, packages_select_test_failures=False, packages_skip_test_passed=False, packages_select=None, packages_skip=None, packages_select_regex=None, packages_skip_regex=None, packages_start=None, packages_end=None, allow_overriding=[], cmake_args=None, cmake_target=None, cmake_target_skip_unavailable=False, cmake_clean_cache=False, cmake_clean_first=False, cmake_force_configure=False, ament_cmake_args=None, catkin_cmake_args=None, catkin_skip_building_tests=False, mixin_files=None, mixin=None, verb_parser=<colcon_mixin.mixin.mixin_argument.MixinArgumentDecorator object at 0xffffb44ac0a0>, verb_extension=<colcon_core.verb.build.BuildVerb object at 0xffffb45e8760>, main=<bound method BuildVerb.main of <colcon_core.verb.build.BuildVerb object at 0xffffb45e8760>>, mixin_verb=('build',))
[9.944s] Level 1:colcon.colcon_core.package_discovery:discover_packages(colcon_meta) check parameters
[9.946s] Level 1:colcon.colcon_core.package_discovery:discover_packages(recursive) check parameters
[9.947s] Level 1:colcon.colcon_core.package_discovery:discover_packages(ignore) check parameters
[9.947s] Level 1:colcon.colcon_core.package_discovery:discover_packages(path) check parameters
[9.948s] Level 1:colcon.colcon_core.package_discovery:discover_packages(colcon_meta) discover
[9.949s] Level 1:colcon.colcon_core.package_discovery:discover_packages(recursive) discover
[9.950s] INFO:colcon.colcon_core.package_discovery:Crawling recursively for packages in '/home/robo2w/ros2_ws'
[9.952s] Level 1:colcon.colcon_core.package_identification:_identify(.) by extensions ['ignore', 'ignore_ament_install']
[9.953s] Level 1:colcon.colcon_core.package_identification:_identify(.) by extension 'ignore'
[9.954s] Level 1:colcon.colcon_core.package_identification:_identify(.) by extension 'ignore_ament_install'
[9.955s] Level 1:colcon.colcon_core.package_identification:_identify(.) by extensions ['colcon_pkg']
[9.956s] Level 1:colcon.colcon_core.package_identification:_identify(.) by extension 'colcon_pkg'
[9.957s] Level 1:colcon.colcon_core.package_identification:_identify(.) by extensions ['colcon_meta']
[9.958s] Level 1:colcon.colcon_core.package_identification:_identify(.) by extension 'colcon_meta'
[9.959s] Level 1:colcon.colcon_core.package_identification:_identify(.) by extensions ['ros']
[9.960s] Level 1:colcon.colcon_core.package_identification:_identify(.) by extension 'ros'
[10.173s] Level 1:colcon.colcon_core.package_identification:_identify(.) by extensions ['cmake', 'python']
[10.174s] Level 1:colcon.colcon_core.package_identification:_identify(.) by extension 'cmake'
[10.175s] Level 1:colcon.colcon_core.package_identification:_identify(.) by extension 'python'
[10.176s] Level 1:colcon.colcon_core.package_identification:_identify(.) by extensions ['python_setup_py']
[10.176s] Level 1:colcon.colcon_core.package_identification:_identify(.) by extension 'python_setup_py'
[10.178s] Level 1:colcon.colcon_core.package_identification:_identify(build) by extensions ['ignore', 'ignore_ament_install']
[10.180s] Level 1:colcon.colcon_core.package_identification:_identify(build) by extension 'ignore'
[10.181s] Level 1:colcon.colcon_core.package_identification:_identify(build) ignored
[10.183s] Level 1:colcon.colcon_core.package_identification:_identify(install) by extensions ['ignore', 'ignore_ament_install']
[10.185s] Level 1:colcon.colcon_core.package_identification:_identify(install) by extension 'ignore'
[10.186s] Level 1:colcon.colcon_core.package_identification:_identify(install) ignored
[10.188s] Level 1:colcon.colcon_core.package_identification:_identify(log) by extensions ['ignore', 'ignore_ament_install']
[10.189s] Level 1:colcon.colcon_core.package_identification:_identify(log) by extension 'ignore'
[10.190s] Level 1:colcon.colcon_core.package_identification:_identify(log) ignored
[10.194s] Level 1:colcon.colcon_core.package_identification:_identify(src) by extensions ['ignore', 'ignore_ament_install']
[10.195s] Level 1:colcon.colcon_core.package_identification:_identify(src) by extension 'ignore'
[10.196s] Level 1:colcon.colcon_core.package_identification:_identify(src) by extension 'ignore_ament_install'
[10.198s] Level 1:colcon.colcon_core.package_identification:_identify(src) by extensions ['colcon_pkg']
[10.199s] Level 1:colcon.colcon_core.package_identification:_identify(src) by extension 'colcon_pkg'
[10.200s] Level 1:colcon.colcon_core.package_identification:_identify(src) by extensions ['colcon_meta']
[10.202s] Level 1:colcon.colcon_core.package_identification:_identify(src) by extension 'colcon_meta'
[10.203s] Level 1:colcon.colcon_core.package_identification:_identify(src) by extensions ['ros']
[10.204s] Level 1:colcon.colcon_core.package_identification:_identify(src) by extension 'ros'
[10.206s] Level 1:colcon.colcon_core.package_identification:_identify(src) by extensions ['cmake', 'python']
[10.206s] Level 1:colcon.colcon_core.package_identification:_identify(src) by extension 'cmake'
[10.208s] Level 1:colcon.colcon_core.package_identification:_identify(src) by extension 'python'
[10.209s] Level 1:colcon.colcon_core.package_identification:_identify(src) by extensions ['python_setup_py']
[10.210s] Level 1:colcon.colcon_core.package_identification:_identify(src) by extension 'python_setup_py'
[10.212s] Level 1:colcon.colcon_core.package_identification:_identify(src/ros2_ws_examples) by extensions ['ignore', 'ignore_ament_install']
[10.214s] Level 1:colcon.colcon_core.package_identification:_identify(src/ros2_ws_examples) by extension 'ignore'
[10.215s] Level 1:colcon.colcon_core.package_identification:_identify(src/ros2_ws_examples) by extension 'ignore_ament_install'
[10.216s] Level 1:colcon.colcon_core.package_identification:_identify(src/ros2_ws_examples) by extensions ['colcon_pkg']
[10.217s] Level 1:colcon.colcon_core.package_identification:_identify(src/ros2_ws_examples) by extension 'colcon_pkg'
[10.219s] Level 1:colcon.colcon_core.package_identification:_identify(src/ros2_ws_examples) by extensions ['colcon_meta']
[10.219s] Level 1:colcon.colcon_core.package_identification:_identify(src/ros2_ws_examples) by extension 'colcon_meta'
[10.221s] Level 1:colcon.colcon_core.package_identification:_identify(src/ros2_ws_examples) by extensions ['ros']
[10.221s] Level 1:colcon.colcon_core.package_identification:_identify(src/ros2_ws_examples) by extension 'ros'
[10.260s] DEBUG:colcon.colcon_core.package_identification:Package 'src/ros2_ws_examples' with type 'ros.ament_python' and name 'ros2_ws_examples'
[10.261s] Level 1:colcon.colcon_core.package_discovery:discover_packages(recursive) using defaults
[10.262s] Level 1:colcon.colcon_core.package_discovery:discover_packages(ignore) discover
[10.263s] Level 1:colcon.colcon_core.package_discovery:discover_packages(ignore) using defaults
[10.263s] Level 1:colcon.colcon_core.package_discovery:discover_packages(path) discover
[10.264s] Level 1:colcon.colcon_core.package_discovery:discover_packages(path) using defaults
[10.820s] Level 1:colcon.colcon_core.package_discovery:discover_packages(prefix_path) check parameters
[10.821s] Level 1:colcon.colcon_core.package_discovery:discover_packages(prefix_path) discover
[10.874s] DEBUG:colcon.colcon_installed_package_information.package_discovery:Found 192 installed packages in /opt/ros/iron
[10.889s] Level 1:colcon.colcon_core.package_discovery:discover_packages(prefix_path) using defaults
[11.936s] Level 5:colcon.colcon_core.verb:set package 'ros2_ws_examples' build argument 'cmake_args' from command line to 'None'
[11.937s] Level 5:colcon.colcon_core.verb:set package 'ros2_ws_examples' build argument 'cmake_target' from command line to 'None'
[11.937s] Level 5:colcon.colcon_core.verb:set package 'ros2_ws_examples' build argument 'cmake_target_skip_unavailable' from command line to 'False'
[11.939s] Level 5:colcon.colcon_core.verb:set package 'ros2_ws_examples' build argument 'cmake_clean_cache' from command line to 'False'
[11.940s] Level 5:colcon.colcon_core.verb:set package 'ros2_ws_examples' build argument 'cmake_clean_first' from command line to 'False'
[11.940s] Level 5:colcon.colcon_core.verb:set package 'ros2_ws_examples' build argument 'cmake_force_configure' from command line to 'False'
[11.941s] Level 5:colcon.colcon_core.verb:set package 'ros2_ws_examples' build argument 'ament_cmake_args' from command line to 'None'
[11.941s] Level 5:colcon.colcon_core.verb:set package 'ros2_ws_examples' build argument 'catkin_cmake_args' from command line to 'None'
[11.942s] Level 5:colcon.colcon_core.verb:set package 'ros2_ws_examples' build argument 'catkin_skip_building_tests' from command line to 'False'
[11.943s] DEBUG:colcon.colcon_core.verb:Building package 'ros2_ws_examples' with the following arguments: {'ament_cmake_args': None, 'build_base': '/home/robo2w/ros2_ws/build/ros2_ws_examples', 'catkin_cmake_args': None, 'catkin_skip_building_tests': False, 'cmake_args': None, 'cmake_clean_cache': False, 'cmake_clean_first': False, 'cmake_force_configure': False, 'cmake_target': None, 'cmake_target_skip_unavailable': False, 'install_base': '/home/robo2w/ros2_ws/install/ros2_ws_examples', 'merge_install': False, 'path': '/home/robo2w/ros2_ws/src/ros2_ws_examples', 'symlink_install': False, 'test_result_base': None}
[11.945s] INFO:colcon.colcon_core.executor:Executing jobs using 'parallel' executor
[11.955s] DEBUG:colcon.colcon_parallel_executor.executor.parallel:run_until_complete
[11.958s] INFO:colcon.colcon_ros.task.ament_python.build:Building ROS package in '/home/robo2w/ros2_ws/src/ros2_ws_examples' with build type 'ament_python'
[11.960s] Level 1:colcon.colcon_core.shell:create_environment_hook('ros2_ws_examples', 'ament_prefix_path')
[12.015s] INFO:colcon.colcon_core.plugin_system:Skipping extension 'colcon_core.shell.bat': Not used on non-Windows systems
[12.019s] INFO:colcon.colcon_core.shell:Creating environment hook '/home/robo2w/ros2_ws/install/ros2_ws_examples/share/ros2_ws_examples/hook/ament_prefix_path.ps1'
[12.030s] INFO:colcon.colcon_core.shell:Creating environment descriptor '/home/robo2w/ros2_ws/install/ros2_ws_examples/share/ros2_ws_examples/hook/ament_prefix_path.dsv'
[12.037s] INFO:colcon.colcon_core.shell:Creating environment hook '/home/robo2w/ros2_ws/install/ros2_ws_examples/share/ros2_ws_examples/hook/ament_prefix_path.sh'
[12.050s] INFO:colcon.colcon_core.shell:Skip shell extension 'powershell' for command environment: Not usable outside of PowerShell
[12.051s] DEBUG:colcon.colcon_core.shell:Skip shell extension 'dsv' for command environment
[18.530s] INFO:colcon.colcon_core.task.python.build:Building Python package in '/home/robo2w/ros2_ws/src/ros2_ws_examples'
[18.536s] INFO:colcon.colcon_core.shell:Skip shell extension 'powershell' for command environment: Not usable outside of PowerShell
[18.537s] DEBUG:colcon.colcon_core.shell:Skip shell extension 'dsv' for command environment
[25.783s] DEBUG:colcon.colcon_core.event_handler.log_command:Invoking command in '/home/robo2w/ros2_ws/src/ros2_ws_examples': PYTHONPATH=/home/robo2w/ros2_ws/build/ros2_ws_examples/prefix_override:/usr/lib/python3/dist-packages/colcon_core/task/python/colcon_distutils_commands:/home/robo2w/ros2_ws/install/ros2_ws_examples/lib/python3.10/site-packages:${PYTHONPATH} /usr/bin/python3 -W ignore:setup.py install is deprecated setup.py egg_info --egg-base ../../build/ros2_ws_examples build --build-base /home/robo2w/ros2_ws/build/ros2_ws_examples/build install --record /home/robo2w/ros2_ws/build/ros2_ws_examples/install.log --single-version-externally-managed install_data
[30.216s] DEBUG:colcon.colcon_core.event_handler.log_command:Invoked command in '/home/robo2w/ros2_ws/src/ros2_ws_examples' returned '0': PYTHONPATH=/home/robo2w/ros2_ws/build/ros2_ws_examples/prefix_override:/usr/lib/python3/dist-packages/colcon_core/task/python/colcon_distutils_commands:/home/robo2w/ros2_ws/install/ros2_ws_examples/lib/python3.10/site-packages:${PYTHONPATH} /usr/bin/python3 -W ignore:setup.py install is deprecated setup.py egg_info --egg-base ../../build/ros2_ws_examples build --build-base /home/robo2w/ros2_ws/build/ros2_ws_examples/build install --record /home/robo2w/ros2_ws/build/ros2_ws_examples/install.log --single-version-externally-managed install_data
[30.318s] Level 1:colcon.colcon_core.environment:checking '/home/robo2w/ros2_ws/install/ros2_ws_examples' for CMake module files
[30.324s] Level 1:colcon.colcon_core.environment:checking '/home/robo2w/ros2_ws/install/ros2_ws_examples' for CMake config files
[30.335s] Level 1:colcon.colcon_core.environment:checking '/home/robo2w/ros2_ws/install/ros2_ws_examples/lib'
[30.338s] Level 1:colcon.colcon_core.environment:checking '/home/robo2w/ros2_ws/install/ros2_ws_examples/bin'
[30.339s] Level 1:colcon.colcon_core.environment:checking '/home/robo2w/ros2_ws/install/ros2_ws_examples/lib/pkgconfig/ros2_ws_examples.pc'
[30.343s] Level 1:colcon.colcon_core.environment:checking '/home/robo2w/ros2_ws/install/ros2_ws_examples/lib/python3.10/site-packages'
[30.344s] Level 1:colcon.colcon_core.shell:create_environment_hook('ros2_ws_examples', 'pythonpath')
[30.347s] INFO:colcon.colcon_core.shell:Creating environment hook '/home/robo2w/ros2_ws/install/ros2_ws_examples/share/ros2_ws_examples/hook/pythonpath.ps1'
[30.354s] INFO:colcon.colcon_core.shell:Creating environment descriptor '/home/robo2w/ros2_ws/install/ros2_ws_examples/share/ros2_ws_examples/hook/pythonpath.dsv'
[30.360s] INFO:colcon.colcon_core.shell:Creating environment hook '/home/robo2w/ros2_ws/install/ros2_ws_examples/share/ros2_ws_examples/hook/pythonpath.sh'
[30.370s] Level 1:colcon.colcon_core.environment:checking '/home/robo2w/ros2_ws/install/ros2_ws_examples/bin'
[30.371s] Level 1:colcon.colcon_core.environment:create_environment_scripts_only(ros2_ws_examples)
[30.376s] INFO:colcon.colcon_core.shell:Creating package script '/home/robo2w/ros2_ws/install/ros2_ws_examples/share/ros2_ws_examples/package.ps1'
[30.387s] INFO:colcon.colcon_core.shell:Creating package descriptor '/home/robo2w/ros2_ws/install/ros2_ws_examples/share/ros2_ws_examples/package.dsv'
[30.396s] INFO:colcon.colcon_core.shell:Creating package script '/home/robo2w/ros2_ws/install/ros2_ws_examples/share/ros2_ws_examples/package.sh'
[30.408s] INFO:colcon.colcon_core.shell:Creating package script '/home/robo2w/ros2_ws/install/ros2_ws_examples/share/ros2_ws_examples/package.bash'
[30.420s] INFO:colcon.colcon_core.shell:Creating package script '/home/robo2w/ros2_ws/install/ros2_ws_examples/share/ros2_ws_examples/package.zsh'
[30.431s] Level 1:colcon.colcon_core.environment:create_file_with_runtime_dependencies(/home/robo2w/ros2_ws/install/ros2_ws_examples/share/colcon-core/packages/ros2_ws_examples)
[30.435s] DEBUG:colcon.colcon_parallel_executor.executor.parallel:closing loop
[30.441s] DEBUG:colcon.colcon_parallel_executor.executor.parallel:loop closed
[30.443s] DEBUG:colcon.colcon_parallel_executor.executor.parallel:run_until_complete finished with '0'
[30.444s] DEBUG:colcon.colcon_core.event_reactor:joining thread
[30.576s] INFO:colcon.colcon_core.plugin_system:Skipping extension 'colcon_notification.desktop_notification.notify_send': Could not find 'notify-send'
[30.578s] INFO:colcon.colcon_core.plugin_system:Skipping extension 'colcon_notification.desktop_notification.terminal_notifier': Not used on non-Darwin systems
[30.579s] INFO:colcon.colcon_core.plugin_system:Skipping extension 'colcon_notification.desktop_notification.win32': Not used on non-Windows systems
[30.580s] INFO:colcon.colcon_notification.desktop_notification:Sending desktop notification using 'notify2'
[30.602s] DEBUG:colcon.colcon_notification.desktop_notification.notify2:Failed to initialize notify2: org.freedesktop.DBus.Error.ServiceUnknown: The name org.freedesktop.Notifications was not provided by any .service files
[30.603s] DEBUG:colcon.colcon_core.event_reactor:joined thread
[30.606s] INFO:colcon.colcon_core.shell:Creating prefix script '/home/robo2w/ros2_ws/install/local_setup.ps1'
[30.619s] INFO:colcon.colcon_core.shell:Creating prefix util module '/home/robo2w/ros2_ws/install/_local_setup_util_ps1.py'
[30.638s] INFO:colcon.colcon_core.shell:Creating prefix chain script '/home/robo2w/ros2_ws/install/setup.ps1'
[30.652s] INFO:colcon.colcon_core.shell:Creating prefix script '/home/robo2w/ros2_ws/install/local_setup.sh'
[30.661s] INFO:colcon.colcon_core.shell:Creating prefix util module '/home/robo2w/ros2_ws/install/_local_setup_util_sh.py'
[30.668s] INFO:colcon.colcon_core.shell:Creating prefix chain script '/home/robo2w/ros2_ws/install/setup.sh'
[30.681s] INFO:colcon.colcon_core.shell:Creating prefix script '/home/robo2w/ros2_ws/install/local_setup.bash'
[30.689s] INFO:colcon.colcon_core.shell:Creating prefix chain script '/home/robo2w/ros2_ws/install/setup.bash'
[30.702s] INFO:colcon.colcon_core.shell:Creating prefix script '/home/robo2w/ros2_ws/install/local_setup.zsh'
[30.711s] INFO:colcon.colcon_core.shell:Creating prefix chain script '/home/robo2w/ros2_ws/install/setup.zsh'
