[0.000000] (-) TimerEvent: {}
[0.014847] (-) JobUnselected: {'identifier': 'ros2_ws_examples'}
[0.015629] (robo2w_stuff) JobQueued: {'identifier': 'robo2w_stuff', 'dependencies': OrderedDict()}
[0.016828] (robo2w_stuff) JobStarted: {'identifier': 'robo2w_stuff'}
[0.090684] (-) TimerEvent: {}
[0.192848] (-) TimerEvent: {}
[0.294854] (-) TimerEvent: {}
[0.403861] (-) TimerEvent: {}
[0.505854] (-) TimerEvent: {}
[0.607669] (-) TimerEvent: {}
[0.709699] (-) TimerEvent: {}
[0.811352] (-) TimerEvent: {}
[0.912876] (-) TimerEvent: {}
[1.015117] (-) TimerEvent: {}
[1.117036] (-) TimerEvent: {}
[1.219334] (-) TimerEvent: {}
[1.321127] (-) TimerEvent: {}
[1.424002] (-) TimerEvent: {}
[1.525751] (-) TimerEvent: {}
[1.627395] (-) TimerEvent: {}
[1.729945] (-) TimerEvent: {}
[1.831827] (-) TimerEvent: {}
[1.933721] (-) TimerEvent: {}
[2.035173] (-) TimerEvent: {}
[2.136735] (-) TimerEvent: {}
[2.238155] (-) TimerEvent: {}
[2.339653] (-) TimerEvent: {}
[2.441221] (-) TimerEvent: {}
[2.543395] (-) TimerEvent: {}
[2.645332] (-) TimerEvent: {}
[2.747072] (-) TimerEvent: {}
[2.848645] (-) TimerEvent: {}
[2.950335] (-) TimerEvent: {}
[3.052047] (-) TimerEvent: {}
[3.154306] (-) TimerEvent: {}
[3.255672] (-) TimerEvent: {}
[3.357367] (-) TimerEvent: {}
[3.459471] (-) TimerEvent: {}
[3.561150] (-) TimerEvent: {}
[3.662582] (-) TimerEvent: {}
[3.764334] (-) TimerEvent: {}
[3.865668] (-) TimerEvent: {}
[3.967024] (-) TimerEvent: {}
[4.068384] (-) TimerEvent: {}
[4.169707] (-) TimerEvent: {}
[4.271043] (-) TimerEvent: {}
[4.372637] (-) TimerEvent: {}
[4.474068] (-) TimerEvent: {}
[4.575471] (-) TimerEvent: {}
[4.677073] (-) TimerEvent: {}
[4.778773] (-) TimerEvent: {}
[4.880313] (-) TimerEvent: {}
[4.982179] (-) TimerEvent: {}
[5.084365] (-) TimerEvent: {}
[5.186145] (-) TimerEvent: {}
[5.287830] (-) TimerEvent: {}
[5.391134] (-) TimerEvent: {}
[5.493035] (-) TimerEvent: {}
[5.594651] (-) TimerEvent: {}
[5.696504] (-) TimerEvent: {}
[5.798013] (-) TimerEvent: {}
[5.899724] (-) TimerEvent: {}
[6.001364] (-) TimerEvent: {}
[6.103480] (-) TimerEvent: {}
[6.205732] (-) TimerEvent: {}
[6.307380] (-) TimerEvent: {}
[6.409090] (-) TimerEvent: {}
[6.481122] (robo2w_stuff) StderrLine: {'line': b'Traceback (most recent call last):\n  File "/usr/lib/python3/dist-packages/colcon_core/executor/__init__.py", line 91, in __call__\n    rc = await self.task(*args, **kwargs)\n  File "/usr/lib/python3/dist-packages/colcon_core/task/__init__.py", line 93, in __call__\n    return await task_method(*args, **kwargs)\n  File "/usr/lib/python3/dist-packages/colcon_ros/task/ament_python/build.py", line 51, in build\n    setup_py_data = get_setup_data(self.context.pkg, env)\n  File "/usr/lib/python3/dist-packages/colcon_core/task/python/__init__.py", line 20, in get_setup_data\n    return dict(pkg.metadata[key](env))\n  File "/usr/lib/python3/dist-packages/colcon_ros/package_augmentation/ros_ament_python.py", line 57, in getter\n    return get_setup_information(\n  File "/usr/lib/python3/dist-packages/colcon_python_setup_py/package_identification/python_setup_py.py", line 241, in get_setup_information\n    _setup_information_cache[hashable_env] = _get_setup_information(\n  File "/usr/lib/python3/dist-packages/colcon_python_setup_py/package_identification/python_setup_py.py", line 288, in _get_setup_information\n    result = subprocess.run(\n  File "/usr/lib/python3.10/subprocess.py", line 526, in run\n    raise CalledProcessError(retcode, process.args,\nsubprocess.CalledProcessError: Command \'[\'/usr/bin/python3\', \'-c\', \'import sys;from contextlib import suppress;exec("with suppress(ImportError):    from setuptools.extern.packaging.specifiers    import SpecifierSet");exec("with suppress(ImportError):    from packaging.specifiers import SpecifierSet");from distutils.core import run_setup;dist = run_setup(    \\\'setup.py\\\', script_args=(\\\'--dry-run\\\',), stop_after=\\\'config\\\');skip_keys = (\\\'cmdclass\\\', \\\'distclass\\\', \\\'ext_modules\\\', \\\'metadata\\\');data = {    key: value for key, value in dist.__dict__.items()     if (        not key.startswith(\\\'_\\\') and         not callable(value) and         key not in skip_keys and         key not in dist.display_option_names    )};data[\\\'metadata\\\'] = {    k: v for k, v in dist.metadata.__dict__.items()     if k not in (\\\'license_files\\\', \\\'provides_extras\\\')};sys.stdout.buffer.write(repr(data).encode(\\\'utf-8\\\'))\']\' returned non-zero exit status 1.\n'}
[6.488339] (robo2w_stuff) JobEnded: {'identifier': 'robo2w_stuff', 'rc': 1}
[6.500424] (-) EventReactorShutdown: {}
