[2.983s] DEBUG:colcon:Command line arguments: ['/usr/bin/colcon', 'build', '--packages-select', 'robo2w_stuff', '--sym']
[2.984s] DEBUG:colcon:Parsed command line arguments: Namespace(log_base=None, log_level=None, verb_name='build', build_base='build', install_base='install', merge_install=False, symlink_install=True, test_result_base=None, continue_on_error=False, executor='parallel', parallel_workers=4, event_handlers=None, ignore_user_meta=False, metas=['./colcon.meta'], base_paths=['.'], packages_ignore=None, packages_ignore_regex=None, paths=None, packages_up_to=None, packages_up_to_regex=None, packages_above=None, packages_above_and_dependencies=None, packages_above_depth=None, packages_select_by_dep=None, packages_skip_by_dep=None, packages_skip_up_to=None, packages_select_build_failed=False, packages_skip_build_finished=False, packages_select_test_failures=False, packages_skip_test_passed=False, packages_select=['robo2w_stuff'], packages_skip=None, packages_select_regex=None, packages_skip_regex=None, packages_start=None, packages_end=None, allow_overriding=[], cmake_args=None, cmake_target=None, cmake_target_skip_unavailable=False, cmake_clean_cache=False, cmake_clean_first=False, cmake_force_configure=False, ament_cmake_args=None, catkin_cmake_args=None, catkin_skip_building_tests=False, mixin_files=None, mixin=None, verb_parser=<colcon_mixin.mixin.mixin_argument.MixinArgumentDecorator object at 0xffffa52388e0>, verb_extension=<colcon_core.verb.build.BuildVerb object at 0xffffa5379030>, main=<bound method BuildVerb.main of <colcon_core.verb.build.BuildVerb object at 0xffffa5379030>>, mixin_verb=('build',))
[6.090s] Level 1:colcon.colcon_core.package_discovery:discover_packages(colcon_meta) check parameters
[6.092s] Level 1:colcon.colcon_core.package_discovery:discover_packages(recursive) check parameters
[6.092s] Level 1:colcon.colcon_core.package_discovery:discover_packages(ignore) check parameters
[6.093s] Level 1:colcon.colcon_core.package_discovery:discover_packages(path) check parameters
[6.093s] Level 1:colcon.colcon_core.package_discovery:discover_packages(colcon_meta) discover
[6.095s] Level 1:colcon.colcon_core.package_discovery:discover_packages(recursive) discover
[6.095s] INFO:colcon.colcon_core.package_discovery:Crawling recursively for packages in '/home/robo2w/ros2_ws'
[6.096s] Level 1:colcon.colcon_core.package_identification:_identify(.) by extensions ['ignore', 'ignore_ament_install']
[6.098s] Level 1:colcon.colcon_core.package_identification:_identify(.) by extension 'ignore'
[6.099s] Level 1:colcon.colcon_core.package_identification:_identify(.) by extension 'ignore_ament_install'
[6.100s] Level 1:colcon.colcon_core.package_identification:_identify(.) by extensions ['colcon_pkg']
[6.100s] Level 1:colcon.colcon_core.package_identification:_identify(.) by extension 'colcon_pkg'
[6.101s] Level 1:colcon.colcon_core.package_identification:_identify(.) by extensions ['colcon_meta']
[6.102s] Level 1:colcon.colcon_core.package_identification:_identify(.) by extension 'colcon_meta'
[6.102s] Level 1:colcon.colcon_core.package_identification:_identify(.) by extensions ['ros']
[6.103s] Level 1:colcon.colcon_core.package_identification:_identify(.) by extension 'ros'
[6.296s] Level 1:colcon.colcon_core.package_identification:_identify(.) by extensions ['cmake', 'python']
[6.297s] Level 1:colcon.colcon_core.package_identification:_identify(.) by extension 'cmake'
[6.297s] Level 1:colcon.colcon_core.package_identification:_identify(.) by extension 'python'
[6.298s] Level 1:colcon.colcon_core.package_identification:_identify(.) by extensions ['python_setup_py']
[6.299s] Level 1:colcon.colcon_core.package_identification:_identify(.) by extension 'python_setup_py'
[6.302s] Level 1:colcon.colcon_core.package_identification:_identify(build) by extensions ['ignore', 'ignore_ament_install']
[6.303s] Level 1:colcon.colcon_core.package_identification:_identify(build) by extension 'ignore'
[6.303s] Level 1:colcon.colcon_core.package_identification:_identify(build) ignored
[6.305s] Level 1:colcon.colcon_core.package_identification:_identify(install) by extensions ['ignore', 'ignore_ament_install']
[6.306s] Level 1:colcon.colcon_core.package_identification:_identify(install) by extension 'ignore'
[6.307s] Level 1:colcon.colcon_core.package_identification:_identify(install) ignored
[6.309s] Level 1:colcon.colcon_core.package_identification:_identify(log) by extensions ['ignore', 'ignore_ament_install']
[6.310s] Level 1:colcon.colcon_core.package_identification:_identify(log) by extension 'ignore'
[6.311s] Level 1:colcon.colcon_core.package_identification:_identify(log) ignored
[6.312s] Level 1:colcon.colcon_core.package_identification:_identify(src) by extensions ['ignore', 'ignore_ament_install']
[6.313s] Level 1:colcon.colcon_core.package_identification:_identify(src) by extension 'ignore'
[6.313s] Level 1:colcon.colcon_core.package_identification:_identify(src) by extension 'ignore_ament_install'
[6.314s] Level 1:colcon.colcon_core.package_identification:_identify(src) by extensions ['colcon_pkg']
[6.315s] Level 1:colcon.colcon_core.package_identification:_identify(src) by extension 'colcon_pkg'
[6.316s] Level 1:colcon.colcon_core.package_identification:_identify(src) by extensions ['colcon_meta']
[6.316s] Level 1:colcon.colcon_core.package_identification:_identify(src) by extension 'colcon_meta'
[6.317s] Level 1:colcon.colcon_core.package_identification:_identify(src) by extensions ['ros']
[6.317s] Level 1:colcon.colcon_core.package_identification:_identify(src) by extension 'ros'
[6.318s] Level 1:colcon.colcon_core.package_identification:_identify(src) by extensions ['cmake', 'python']
[6.319s] Level 1:colcon.colcon_core.package_identification:_identify(src) by extension 'cmake'
[6.319s] Level 1:colcon.colcon_core.package_identification:_identify(src) by extension 'python'
[6.320s] Level 1:colcon.colcon_core.package_identification:_identify(src) by extensions ['python_setup_py']
[6.320s] Level 1:colcon.colcon_core.package_identification:_identify(src) by extension 'python_setup_py'
[6.322s] Level 1:colcon.colcon_core.package_identification:_identify(src/robo2w_stuff) by extensions ['ignore', 'ignore_ament_install']
[6.323s] Level 1:colcon.colcon_core.package_identification:_identify(src/robo2w_stuff) by extension 'ignore'
[6.323s] Level 1:colcon.colcon_core.package_identification:_identify(src/robo2w_stuff) by extension 'ignore_ament_install'
[6.324s] Level 1:colcon.colcon_core.package_identification:_identify(src/robo2w_stuff) by extensions ['colcon_pkg']
[6.325s] Level 1:colcon.colcon_core.package_identification:_identify(src/robo2w_stuff) by extension 'colcon_pkg'
[6.325s] Level 1:colcon.colcon_core.package_identification:_identify(src/robo2w_stuff) by extensions ['colcon_meta']
[6.326s] Level 1:colcon.colcon_core.package_identification:_identify(src/robo2w_stuff) by extension 'colcon_meta'
[6.327s] Level 1:colcon.colcon_core.package_identification:_identify(src/robo2w_stuff) by extensions ['ros']
[6.327s] Level 1:colcon.colcon_core.package_identification:_identify(src/robo2w_stuff) by extension 'ros'
[6.360s] DEBUG:colcon.colcon_core.package_identification:Package 'src/robo2w_stuff' with type 'ros.ament_python' and name 'robo2w_stuff'
[6.361s] Level 1:colcon.colcon_core.package_identification:_identify(src/ros2_ws_examples) by extensions ['ignore', 'ignore_ament_install']
[6.362s] Level 1:colcon.colcon_core.package_identification:_identify(src/ros2_ws_examples) by extension 'ignore'
[6.363s] Level 1:colcon.colcon_core.package_identification:_identify(src/ros2_ws_examples) by extension 'ignore_ament_install'
[6.364s] Level 1:colcon.colcon_core.package_identification:_identify(src/ros2_ws_examples) by extensions ['colcon_pkg']
[6.365s] Level 1:colcon.colcon_core.package_identification:_identify(src/ros2_ws_examples) by extension 'colcon_pkg'
[6.365s] Level 1:colcon.colcon_core.package_identification:_identify(src/ros2_ws_examples) by extensions ['colcon_meta']
[6.366s] Level 1:colcon.colcon_core.package_identification:_identify(src/ros2_ws_examples) by extension 'colcon_meta'
[6.366s] Level 1:colcon.colcon_core.package_identification:_identify(src/ros2_ws_examples) by extensions ['ros']
[6.367s] Level 1:colcon.colcon_core.package_identification:_identify(src/ros2_ws_examples) by extension 'ros'
[6.374s] DEBUG:colcon.colcon_core.package_identification:Package 'src/ros2_ws_examples' with type 'ros.ament_python' and name 'ros2_ws_examples'
[6.374s] Level 1:colcon.colcon_core.package_discovery:discover_packages(recursive) using defaults
[6.375s] Level 1:colcon.colcon_core.package_discovery:discover_packages(ignore) discover
[6.375s] Level 1:colcon.colcon_core.package_discovery:discover_packages(ignore) using defaults
[6.376s] Level 1:colcon.colcon_core.package_discovery:discover_packages(path) discover
[6.376s] Level 1:colcon.colcon_core.package_discovery:discover_packages(path) using defaults
[6.757s] INFO:colcon.colcon_core.package_selection:Skipping not selected package 'ros2_ws_examples' in 'src/ros2_ws_examples'
[6.764s] Level 1:colcon.colcon_core.package_discovery:discover_packages(prefix_path) check parameters
[6.764s] Level 1:colcon.colcon_core.package_discovery:discover_packages(prefix_path) discover
[6.812s] DEBUG:colcon.colcon_installed_package_information.package_discovery:Found 2 installed packages in /home/robo2w/ros2_ws/install
[6.837s] DEBUG:colcon.colcon_installed_package_information.package_discovery:Found 192 installed packages in /opt/ros/iron
[6.851s] Level 1:colcon.colcon_core.package_discovery:discover_packages(prefix_path) using defaults
[7.624s] Level 5:colcon.colcon_core.verb:set package 'robo2w_stuff' build argument 'cmake_args' from command line to 'None'
[7.625s] Level 5:colcon.colcon_core.verb:set package 'robo2w_stuff' build argument 'cmake_target' from command line to 'None'
[7.625s] Level 5:colcon.colcon_core.verb:set package 'robo2w_stuff' build argument 'cmake_target_skip_unavailable' from command line to 'False'
[7.625s] Level 5:colcon.colcon_core.verb:set package 'robo2w_stuff' build argument 'cmake_clean_cache' from command line to 'False'
[7.626s] Level 5:colcon.colcon_core.verb:set package 'robo2w_stuff' build argument 'cmake_clean_first' from command line to 'False'
[7.626s] Level 5:colcon.colcon_core.verb:set package 'robo2w_stuff' build argument 'cmake_force_configure' from command line to 'False'
[7.626s] Level 5:colcon.colcon_core.verb:set package 'robo2w_stuff' build argument 'ament_cmake_args' from command line to 'None'
[7.627s] Level 5:colcon.colcon_core.verb:set package 'robo2w_stuff' build argument 'catkin_cmake_args' from command line to 'None'
[7.627s] Level 5:colcon.colcon_core.verb:set package 'robo2w_stuff' build argument 'catkin_skip_building_tests' from command line to 'False'
[7.627s] DEBUG:colcon.colcon_core.verb:Building package 'robo2w_stuff' with the following arguments: {'ament_cmake_args': None, 'build_base': '/home/robo2w/ros2_ws/build/robo2w_stuff', 'catkin_cmake_args': None, 'catkin_skip_building_tests': False, 'cmake_args': None, 'cmake_clean_cache': False, 'cmake_clean_first': False, 'cmake_force_configure': False, 'cmake_target': None, 'cmake_target_skip_unavailable': False, 'install_base': '/home/robo2w/ros2_ws/install/robo2w_stuff', 'merge_install': False, 'path': '/home/robo2w/ros2_ws/src/robo2w_stuff', 'symlink_install': True, 'test_result_base': None}
[7.629s] INFO:colcon.colcon_core.executor:Executing jobs using 'parallel' executor
[7.643s] DEBUG:colcon.colcon_parallel_executor.executor.parallel:run_until_complete
[7.645s] INFO:colcon.colcon_ros.task.ament_python.build:Building ROS package in '/home/robo2w/ros2_ws/src/robo2w_stuff' with build type 'ament_python'
[7.653s] Level 1:colcon.colcon_core.shell:create_environment_hook('robo2w_stuff', 'ament_prefix_path')
[7.704s] INFO:colcon.colcon_core.plugin_system:Skipping extension 'colcon_core.shell.bat': Not used on non-Windows systems
[7.708s] INFO:colcon.colcon_core.shell:Creating environment hook '/home/robo2w/ros2_ws/install/robo2w_stuff/share/robo2w_stuff/hook/ament_prefix_path.ps1'
[7.727s] INFO:colcon.colcon_core.shell:Creating environment descriptor '/home/robo2w/ros2_ws/install/robo2w_stuff/share/robo2w_stuff/hook/ament_prefix_path.dsv'
[7.739s] INFO:colcon.colcon_core.shell:Creating environment hook '/home/robo2w/ros2_ws/install/robo2w_stuff/share/robo2w_stuff/hook/ament_prefix_path.sh'
[7.752s] INFO:colcon.colcon_core.shell:Skip shell extension 'powershell' for command environment: Not usable outside of PowerShell
[7.753s] DEBUG:colcon.colcon_core.shell:Skip shell extension 'dsv' for command environment
[14.138s] DEBUG:colcon.colcon_parallel_executor.executor.parallel:closing loop
[14.141s] DEBUG:colcon.colcon_parallel_executor.executor.parallel:loop closed
[14.142s] DEBUG:colcon.colcon_parallel_executor.executor.parallel:run_until_complete finished with 'Command '['/usr/bin/python3', '-c', 'import sys;from contextlib import suppress;exec("with suppress(ImportError):    from setuptools.extern.packaging.specifiers    import SpecifierSet");exec("with suppress(ImportError):    from packaging.specifiers import SpecifierSet");from distutils.core import run_setup;dist = run_setup(    \'setup.py\', script_args=(\'--dry-run\',), stop_after=\'config\');skip_keys = (\'cmdclass\', \'distclass\', \'ext_modules\', \'metadata\');data = {    key: value for key, value in dist.__dict__.items()     if (        not key.startswith(\'_\') and         not callable(value) and         key not in skip_keys and         key not in dist.display_option_names    )};data[\'metadata\'] = {    k: v for k, v in dist.metadata.__dict__.items()     if k not in (\'license_files\', \'provides_extras\')};sys.stdout.buffer.write(repr(data).encode(\'utf-8\'))']' returned non-zero exit status 1.'
[14.143s] DEBUG:colcon.colcon_core.event_reactor:joining thread
[14.317s] INFO:colcon.colcon_core.plugin_system:Skipping extension 'colcon_notification.desktop_notification.notify_send': Could not find 'notify-send'
[14.318s] INFO:colcon.colcon_core.plugin_system:Skipping extension 'colcon_notification.desktop_notification.terminal_notifier': Not used on non-Darwin systems
[14.319s] INFO:colcon.colcon_core.plugin_system:Skipping extension 'colcon_notification.desktop_notification.win32': Not used on non-Windows systems
[14.320s] INFO:colcon.colcon_notification.desktop_notification:Sending desktop notification using 'notify2'
[14.411s] DEBUG:colcon.colcon_notification.desktop_notification.notify2:Failed to initialize notify2: org.freedesktop.DBus.Error.ServiceUnknown: The name org.freedesktop.Notifications was not provided by any .service files
[14.412s] DEBUG:colcon.colcon_core.event_reactor:joined thread
[14.416s] INFO:colcon.colcon_core.shell:Creating prefix script '/home/robo2w/ros2_ws/install/local_setup.ps1'
[14.451s] INFO:colcon.colcon_core.shell:Creating prefix util module '/home/robo2w/ros2_ws/install/_local_setup_util_ps1.py'
[14.487s] INFO:colcon.colcon_core.shell:Creating prefix chain script '/home/robo2w/ros2_ws/install/setup.ps1'
[14.509s] INFO:colcon.colcon_core.shell:Creating prefix script '/home/robo2w/ros2_ws/install/local_setup.sh'
[14.521s] INFO:colcon.colcon_core.shell:Creating prefix util module '/home/robo2w/ros2_ws/install/_local_setup_util_sh.py'
[14.528s] INFO:colcon.colcon_core.shell:Creating prefix chain script '/home/robo2w/ros2_ws/install/setup.sh'
[14.552s] INFO:colcon.colcon_core.shell:Creating prefix script '/home/robo2w/ros2_ws/install/local_setup.bash'
[14.575s] INFO:colcon.colcon_core.shell:Creating prefix chain script '/home/robo2w/ros2_ws/install/setup.bash'
[14.591s] INFO:colcon.colcon_core.shell:Creating prefix script '/home/robo2w/ros2_ws/install/local_setup.zsh'
[14.613s] INFO:colcon.colcon_core.shell:Creating prefix chain script '/home/robo2w/ros2_ws/install/setup.zsh'
