running egg_info
creating ../../build/robo2w_stuff/robo2w_stuff.egg-info
writing ../../build/robo2w_stuff/robo2w_stuff.egg-info/PKG-INFO
writing dependency_links to ../../build/robo2w_stuff/robo2w_stuff.egg-info/dependency_links.txt
writing entry points to ../../build/robo2w_stuff/robo2w_stuff.egg-info/entry_points.txt
writing requirements to ../../build/robo2w_stuff/robo2w_stuff.egg-info/requires.txt
writing top-level names to ../../build/robo2w_stuff/robo2w_stuff.egg-info/top_level.txt
writing manifest file '../../build/robo2w_stuff/robo2w_stuff.egg-info/SOURCES.txt'
reading manifest file '../../build/robo2w_stuff/robo2w_stuff.egg-info/SOURCES.txt'
writing manifest file '../../build/robo2w_stuff/robo2w_stuff.egg-info/SOURCES.txt'
running build
running build_py
creating /home/robo2w/ros2_ws/build/robo2w_stuff/build
creating /home/robo2w/ros2_ws/build/robo2w_stuff/build/lib
creating /home/robo2w/ros2_ws/build/robo2w_stuff/build/lib/robo2w_stuff
copying robo2w_stuff/__init__.py -> /home/robo2w/ros2_ws/build/robo2w_stuff/build/lib/robo2w_stuff
running install
running install_lib
creating /home/robo2w/ros2_ws/install/robo2w_stuff/lib/python3.10/site-packages/robo2w_stuff
copying /home/robo2w/ros2_ws/build/robo2w_stuff/build/lib/robo2w_stuff/__init__.py -> /home/robo2w/ros2_ws/install/robo2w_stuff/lib/python3.10/site-packages/robo2w_stuff
byte-compiling /home/robo2w/ros2_ws/install/robo2w_stuff/lib/python3.10/site-packages/robo2w_stuff/__init__.py to __init__.cpython-310.pyc
running install_data
creating /home/robo2w/ros2_ws/install/robo2w_stuff/share/ament_index
creating /home/robo2w/ros2_ws/install/robo2w_stuff/share/ament_index/resource_index
creating /home/robo2w/ros2_ws/install/robo2w_stuff/share/ament_index/resource_index/packages
copying resource/robo2w_stuff -> /home/robo2w/ros2_ws/install/robo2w_stuff/share/ament_index/resource_index/packages
copying package.xml -> /home/robo2w/ros2_ws/install/robo2w_stuff/share/robo2w_stuff
running install_egg_info
Copying ../../build/robo2w_stuff/robo2w_stuff.egg-info to /home/robo2w/ros2_ws/install/robo2w_stuff/lib/python3.10/site-packages/robo2w_stuff-0.0.0-py3.10.egg-info
running install_scripts
writing list of installed files to '/home/robo2w/ros2_ws/build/robo2w_stuff/install.log'
