[2.422s] DEBUG:colcon:Command line arguments: ['/usr/bin/colcon', 'build', '--packages-select', 'robo2w_stuff', '--sym']
[2.423s] DEBUG:colcon:Parsed command line arguments: Namespace(log_base=None, log_level=None, verb_name='build', build_base='build', install_base='install', merge_install=False, symlink_install=True, test_result_base=None, continue_on_error=False, executor='parallel', parallel_workers=4, event_handlers=None, ignore_user_meta=False, metas=['./colcon.meta'], base_paths=['.'], packages_ignore=None, packages_ignore_regex=None, paths=None, packages_up_to=None, packages_up_to_regex=None, packages_above=None, packages_above_and_dependencies=None, packages_above_depth=None, packages_select_by_dep=None, packages_skip_by_dep=None, packages_skip_up_to=None, packages_select_build_failed=False, packages_skip_build_finished=False, packages_select_test_failures=False, packages_skip_test_passed=False, packages_select=['robo2w_stuff'], packages_skip=None, packages_select_regex=None, packages_skip_regex=None, packages_start=None, packages_end=None, allow_overriding=[], cmake_args=None, cmake_target=None, cmake_target_skip_unavailable=False, cmake_clean_cache=False, cmake_clean_first=False, cmake_force_configure=False, ament_cmake_args=None, catkin_cmake_args=None, catkin_skip_building_tests=False, mixin_files=None, mixin=None, verb_parser=<colcon_mixin.mixin.mixin_argument.MixinArgumentDecorator object at 0xffff9c5288e0>, verb_extension=<colcon_core.verb.build.BuildVerb object at 0xffff9c669030>, main=<bound method BuildVerb.main of <colcon_core.verb.build.BuildVerb object at 0xffff9c669030>>, mixin_verb=('build',))
[5.893s] Level 1:colcon.colcon_core.package_discovery:discover_packages(colcon_meta) check parameters
[5.895s] Level 1:colcon.colcon_core.package_discovery:discover_packages(recursive) check parameters
[5.896s] Level 1:colcon.colcon_core.package_discovery:discover_packages(ignore) check parameters
[5.896s] Level 1:colcon.colcon_core.package_discovery:discover_packages(path) check parameters
[5.896s] Level 1:colcon.colcon_core.package_discovery:discover_packages(colcon_meta) discover
[5.897s] Level 1:colcon.colcon_core.package_discovery:discover_packages(recursive) discover
[5.898s] INFO:colcon.colcon_core.package_discovery:Crawling recursively for packages in '/home/robo2w/ros2_ws'
[5.899s] Level 1:colcon.colcon_core.package_identification:_identify(.) by extensions ['ignore', 'ignore_ament_install']
[5.900s] Level 1:colcon.colcon_core.package_identification:_identify(.) by extension 'ignore'
[5.901s] Level 1:colcon.colcon_core.package_identification:_identify(.) by extension 'ignore_ament_install'
[5.902s] Level 1:colcon.colcon_core.package_identification:_identify(.) by extensions ['colcon_pkg']
[5.903s] Level 1:colcon.colcon_core.package_identification:_identify(.) by extension 'colcon_pkg'
[5.904s] Level 1:colcon.colcon_core.package_identification:_identify(.) by extensions ['colcon_meta']
[5.904s] Level 1:colcon.colcon_core.package_identification:_identify(.) by extension 'colcon_meta'
[5.905s] Level 1:colcon.colcon_core.package_identification:_identify(.) by extensions ['ros']
[5.905s] Level 1:colcon.colcon_core.package_identification:_identify(.) by extension 'ros'
[6.090s] Level 1:colcon.colcon_core.package_identification:_identify(.) by extensions ['cmake', 'python']
[6.091s] Level 1:colcon.colcon_core.package_identification:_identify(.) by extension 'cmake'
[6.091s] Level 1:colcon.colcon_core.package_identification:_identify(.) by extension 'python'
[6.092s] Level 1:colcon.colcon_core.package_identification:_identify(.) by extensions ['python_setup_py']
[6.092s] Level 1:colcon.colcon_core.package_identification:_identify(.) by extension 'python_setup_py'
[6.094s] Level 1:colcon.colcon_core.package_identification:_identify(build) by extensions ['ignore', 'ignore_ament_install']
[6.095s] Level 1:colcon.colcon_core.package_identification:_identify(build) by extension 'ignore'
[6.096s] Level 1:colcon.colcon_core.package_identification:_identify(build) ignored
[6.097s] Level 1:colcon.colcon_core.package_identification:_identify(install) by extensions ['ignore', 'ignore_ament_install']
[6.098s] Level 1:colcon.colcon_core.package_identification:_identify(install) by extension 'ignore'
[6.099s] Level 1:colcon.colcon_core.package_identification:_identify(install) ignored
[6.101s] Level 1:colcon.colcon_core.package_identification:_identify(log) by extensions ['ignore', 'ignore_ament_install']
[6.102s] Level 1:colcon.colcon_core.package_identification:_identify(log) by extension 'ignore'
[6.102s] Level 1:colcon.colcon_core.package_identification:_identify(log) ignored
[6.103s] Level 1:colcon.colcon_core.package_identification:_identify(src) by extensions ['ignore', 'ignore_ament_install']
[6.104s] Level 1:colcon.colcon_core.package_identification:_identify(src) by extension 'ignore'
[6.105s] Level 1:colcon.colcon_core.package_identification:_identify(src) by extension 'ignore_ament_install'
[6.106s] Level 1:colcon.colcon_core.package_identification:_identify(src) by extensions ['colcon_pkg']
[6.107s] Level 1:colcon.colcon_core.package_identification:_identify(src) by extension 'colcon_pkg'
[6.107s] Level 1:colcon.colcon_core.package_identification:_identify(src) by extensions ['colcon_meta']
[6.108s] Level 1:colcon.colcon_core.package_identification:_identify(src) by extension 'colcon_meta'
[6.108s] Level 1:colcon.colcon_core.package_identification:_identify(src) by extensions ['ros']
[6.109s] Level 1:colcon.colcon_core.package_identification:_identify(src) by extension 'ros'
[6.110s] Level 1:colcon.colcon_core.package_identification:_identify(src) by extensions ['cmake', 'python']
[6.110s] Level 1:colcon.colcon_core.package_identification:_identify(src) by extension 'cmake'
[6.111s] Level 1:colcon.colcon_core.package_identification:_identify(src) by extension 'python'
[6.112s] Level 1:colcon.colcon_core.package_identification:_identify(src) by extensions ['python_setup_py']
[6.112s] Level 1:colcon.colcon_core.package_identification:_identify(src) by extension 'python_setup_py'
[6.113s] Level 1:colcon.colcon_core.package_identification:_identify(src/robo2w_stuff) by extensions ['ignore', 'ignore_ament_install']
[6.114s] Level 1:colcon.colcon_core.package_identification:_identify(src/robo2w_stuff) by extension 'ignore'
[6.115s] Level 1:colcon.colcon_core.package_identification:_identify(src/robo2w_stuff) by extension 'ignore_ament_install'
[6.116s] Level 1:colcon.colcon_core.package_identification:_identify(src/robo2w_stuff) by extensions ['colcon_pkg']
[6.117s] Level 1:colcon.colcon_core.package_identification:_identify(src/robo2w_stuff) by extension 'colcon_pkg'
[6.117s] Level 1:colcon.colcon_core.package_identification:_identify(src/robo2w_stuff) by extensions ['colcon_meta']
[6.118s] Level 1:colcon.colcon_core.package_identification:_identify(src/robo2w_stuff) by extension 'colcon_meta'
[6.118s] Level 1:colcon.colcon_core.package_identification:_identify(src/robo2w_stuff) by extensions ['ros']
[6.119s] Level 1:colcon.colcon_core.package_identification:_identify(src/robo2w_stuff) by extension 'ros'
[6.152s] DEBUG:colcon.colcon_core.package_identification:Package 'src/robo2w_stuff' with type 'ros.ament_python' and name 'robo2w_stuff'
[6.153s] Level 1:colcon.colcon_core.package_identification:_identify(src/ros2_ws_examples) by extensions ['ignore', 'ignore_ament_install']
[6.154s] Level 1:colcon.colcon_core.package_identification:_identify(src/ros2_ws_examples) by extension 'ignore'
[6.155s] Level 1:colcon.colcon_core.package_identification:_identify(src/ros2_ws_examples) by extension 'ignore_ament_install'
[6.156s] Level 1:colcon.colcon_core.package_identification:_identify(src/ros2_ws_examples) by extensions ['colcon_pkg']
[6.157s] Level 1:colcon.colcon_core.package_identification:_identify(src/ros2_ws_examples) by extension 'colcon_pkg'
[6.157s] Level 1:colcon.colcon_core.package_identification:_identify(src/ros2_ws_examples) by extensions ['colcon_meta']
[6.158s] Level 1:colcon.colcon_core.package_identification:_identify(src/ros2_ws_examples) by extension 'colcon_meta'
[6.158s] Level 1:colcon.colcon_core.package_identification:_identify(src/ros2_ws_examples) by extensions ['ros']
[6.159s] Level 1:colcon.colcon_core.package_identification:_identify(src/ros2_ws_examples) by extension 'ros'
[6.166s] DEBUG:colcon.colcon_core.package_identification:Package 'src/ros2_ws_examples' with type 'ros.ament_python' and name 'ros2_ws_examples'
[6.166s] Level 1:colcon.colcon_core.package_discovery:discover_packages(recursive) using defaults
[6.167s] Level 1:colcon.colcon_core.package_discovery:discover_packages(ignore) discover
[6.167s] Level 1:colcon.colcon_core.package_discovery:discover_packages(ignore) using defaults
[6.168s] Level 1:colcon.colcon_core.package_discovery:discover_packages(path) discover
[6.168s] Level 1:colcon.colcon_core.package_discovery:discover_packages(path) using defaults
[6.570s] INFO:colcon.colcon_core.package_selection:Skipping not selected package 'ros2_ws_examples' in 'src/ros2_ws_examples'
[6.577s] Level 1:colcon.colcon_core.package_discovery:discover_packages(prefix_path) check parameters
[6.578s] Level 1:colcon.colcon_core.package_discovery:discover_packages(prefix_path) discover
[6.617s] DEBUG:colcon.colcon_installed_package_information.package_discovery:Found 2 installed packages in /home/robo2w/ros2_ws/install
[6.644s] DEBUG:colcon.colcon_installed_package_information.package_discovery:Found 192 installed packages in /opt/ros/iron
[6.657s] Level 1:colcon.colcon_core.package_discovery:discover_packages(prefix_path) using defaults
[7.439s] Level 5:colcon.colcon_core.verb:set package 'robo2w_stuff' build argument 'cmake_args' from command line to 'None'
[7.440s] Level 5:colcon.colcon_core.verb:set package 'robo2w_stuff' build argument 'cmake_target' from command line to 'None'
[7.440s] Level 5:colcon.colcon_core.verb:set package 'robo2w_stuff' build argument 'cmake_target_skip_unavailable' from command line to 'False'
[7.440s] Level 5:colcon.colcon_core.verb:set package 'robo2w_stuff' build argument 'cmake_clean_cache' from command line to 'False'
[7.441s] Level 5:colcon.colcon_core.verb:set package 'robo2w_stuff' build argument 'cmake_clean_first' from command line to 'False'
[7.441s] Level 5:colcon.colcon_core.verb:set package 'robo2w_stuff' build argument 'cmake_force_configure' from command line to 'False'
[7.441s] Level 5:colcon.colcon_core.verb:set package 'robo2w_stuff' build argument 'ament_cmake_args' from command line to 'None'
[7.442s] Level 5:colcon.colcon_core.verb:set package 'robo2w_stuff' build argument 'catkin_cmake_args' from command line to 'None'
[7.442s] Level 5:colcon.colcon_core.verb:set package 'robo2w_stuff' build argument 'catkin_skip_building_tests' from command line to 'False'
[7.442s] DEBUG:colcon.colcon_core.verb:Building package 'robo2w_stuff' with the following arguments: {'ament_cmake_args': None, 'build_base': '/home/robo2w/ros2_ws/build/robo2w_stuff', 'catkin_cmake_args': None, 'catkin_skip_building_tests': False, 'cmake_args': None, 'cmake_clean_cache': False, 'cmake_clean_first': False, 'cmake_force_configure': False, 'cmake_target': None, 'cmake_target_skip_unavailable': False, 'install_base': '/home/robo2w/ros2_ws/install/robo2w_stuff', 'merge_install': False, 'path': '/home/robo2w/ros2_ws/src/robo2w_stuff', 'symlink_install': True, 'test_result_base': None}
[7.444s] INFO:colcon.colcon_core.executor:Executing jobs using 'parallel' executor
[7.455s] DEBUG:colcon.colcon_parallel_executor.executor.parallel:run_until_complete
[7.457s] INFO:colcon.colcon_ros.task.ament_python.build:Building ROS package in '/home/robo2w/ros2_ws/src/robo2w_stuff' with build type 'ament_python'
[7.458s] Level 1:colcon.colcon_core.shell:create_environment_hook('robo2w_stuff', 'ament_prefix_path')
[7.524s] INFO:colcon.colcon_core.plugin_system:Skipping extension 'colcon_core.shell.bat': Not used on non-Windows systems
[7.527s] INFO:colcon.colcon_core.shell:Creating environment hook '/home/robo2w/ros2_ws/install/robo2w_stuff/share/robo2w_stuff/hook/ament_prefix_path.ps1'
[7.542s] INFO:colcon.colcon_core.shell:Creating environment descriptor '/home/robo2w/ros2_ws/install/robo2w_stuff/share/robo2w_stuff/hook/ament_prefix_path.dsv'
[7.552s] INFO:colcon.colcon_core.shell:Creating environment hook '/home/robo2w/ros2_ws/install/robo2w_stuff/share/robo2w_stuff/hook/ament_prefix_path.sh'
[7.566s] INFO:colcon.colcon_core.shell:Skip shell extension 'powershell' for command environment: Not usable outside of PowerShell
[7.567s] DEBUG:colcon.colcon_core.shell:Skip shell extension 'dsv' for command environment
[11.730s] INFO:colcon.colcon_core.task.python.build:Building Python package in '/home/robo2w/ros2_ws/src/robo2w_stuff'
[11.734s] INFO:colcon.colcon_core.shell:Skip shell extension 'powershell' for command environment: Not usable outside of PowerShell
[11.735s] DEBUG:colcon.colcon_core.shell:Skip shell extension 'dsv' for command environment
[18.044s] DEBUG:colcon.colcon_core.event_handler.log_command:Invoking command in '/home/robo2w/ros2_ws/build/robo2w_stuff': PYTHONPATH=/home/robo2w/ros2_ws/build/robo2w_stuff/prefix_override:/usr/lib/python3/dist-packages/colcon_core/task/python/colcon_distutils_commands:/home/robo2w/ros2_ws/install/robo2w_stuff/lib/python3.10/site-packages:${PYTHONPATH} /usr/bin/python3 -W ignore:setup.py install is deprecated setup.py develop --editable --build-directory /home/robo2w/ros2_ws/build/robo2w_stuff/build --no-deps symlink_data
[23.661s] Level 1:colcon.colcon_core.shell:create_environment_hook('robo2w_stuff', 'pythonpath_develop')
[23.665s] INFO:colcon.colcon_core.shell:Creating environment hook '/home/robo2w/ros2_ws/build/robo2w_stuff/share/robo2w_stuff/hook/pythonpath_develop.ps1'
[23.668s] DEBUG:colcon.colcon_core.event_handler.log_command:Invoked command in '/home/robo2w/ros2_ws/build/robo2w_stuff' returned '0': PYTHONPATH=/home/robo2w/ros2_ws/build/robo2w_stuff/prefix_override:/usr/lib/python3/dist-packages/colcon_core/task/python/colcon_distutils_commands:/home/robo2w/ros2_ws/install/robo2w_stuff/lib/python3.10/site-packages:${PYTHONPATH} /usr/bin/python3 -W ignore:setup.py install is deprecated setup.py develop --editable --build-directory /home/robo2w/ros2_ws/build/robo2w_stuff/build --no-deps symlink_data
[23.677s] INFO:colcon.colcon_core.shell:Creating environment descriptor '/home/robo2w/ros2_ws/build/robo2w_stuff/share/robo2w_stuff/hook/pythonpath_develop.dsv'
[23.685s] INFO:colcon.colcon_core.shell:Creating environment hook '/home/robo2w/ros2_ws/build/robo2w_stuff/share/robo2w_stuff/hook/pythonpath_develop.sh'
[23.759s] Level 1:colcon.colcon_core.environment:checking '/home/robo2w/ros2_ws/install/robo2w_stuff' for CMake module files
[23.767s] Level 1:colcon.colcon_core.environment:checking '/home/robo2w/ros2_ws/install/robo2w_stuff' for CMake config files
[23.781s] Level 1:colcon.colcon_core.environment:checking '/home/robo2w/ros2_ws/install/robo2w_stuff/lib'
[23.783s] Level 1:colcon.colcon_core.environment:checking '/home/robo2w/ros2_ws/install/robo2w_stuff/bin'
[23.784s] Level 1:colcon.colcon_core.environment:checking '/home/robo2w/ros2_ws/install/robo2w_stuff/lib/pkgconfig/robo2w_stuff.pc'
[23.788s] Level 1:colcon.colcon_core.environment:checking '/home/robo2w/ros2_ws/install/robo2w_stuff/lib/python3.10/site-packages'
[23.789s] Level 1:colcon.colcon_core.shell:create_environment_hook('robo2w_stuff', 'pythonpath')
[23.792s] INFO:colcon.colcon_core.shell:Creating environment hook '/home/robo2w/ros2_ws/install/robo2w_stuff/share/robo2w_stuff/hook/pythonpath.ps1'
[23.796s] INFO:colcon.colcon_core.shell:Creating environment descriptor '/home/robo2w/ros2_ws/install/robo2w_stuff/share/robo2w_stuff/hook/pythonpath.dsv'
[23.800s] INFO:colcon.colcon_core.shell:Creating environment hook '/home/robo2w/ros2_ws/install/robo2w_stuff/share/robo2w_stuff/hook/pythonpath.sh'
[23.807s] Level 1:colcon.colcon_core.environment:checking '/home/robo2w/ros2_ws/install/robo2w_stuff/bin'
[23.808s] Level 1:colcon.colcon_core.environment:create_environment_scripts_only(robo2w_stuff)
[23.812s] INFO:colcon.colcon_core.shell:Creating package script '/home/robo2w/ros2_ws/install/robo2w_stuff/share/robo2w_stuff/package.ps1'
[23.824s] INFO:colcon.colcon_core.shell:Creating package descriptor '/home/robo2w/ros2_ws/install/robo2w_stuff/share/robo2w_stuff/package.dsv'
[23.839s] INFO:colcon.colcon_core.shell:Creating package script '/home/robo2w/ros2_ws/install/robo2w_stuff/share/robo2w_stuff/package.sh'
[23.851s] INFO:colcon.colcon_core.shell:Creating package script '/home/robo2w/ros2_ws/install/robo2w_stuff/share/robo2w_stuff/package.bash'
[23.863s] INFO:colcon.colcon_core.shell:Creating package script '/home/robo2w/ros2_ws/install/robo2w_stuff/share/robo2w_stuff/package.zsh'
[23.877s] Level 1:colcon.colcon_core.environment:create_file_with_runtime_dependencies(/home/robo2w/ros2_ws/install/robo2w_stuff/share/colcon-core/packages/robo2w_stuff)
[23.882s] DEBUG:colcon.colcon_parallel_executor.executor.parallel:closing loop
[23.886s] DEBUG:colcon.colcon_parallel_executor.executor.parallel:loop closed
[23.889s] DEBUG:colcon.colcon_parallel_executor.executor.parallel:run_until_complete finished with '0'
[23.890s] DEBUG:colcon.colcon_core.event_reactor:joining thread
[24.072s] INFO:colcon.colcon_core.plugin_system:Skipping extension 'colcon_notification.desktop_notification.notify_send': Could not find 'notify-send'
[24.073s] INFO:colcon.colcon_core.plugin_system:Skipping extension 'colcon_notification.desktop_notification.terminal_notifier': Not used on non-Darwin systems
[24.075s] INFO:colcon.colcon_core.plugin_system:Skipping extension 'colcon_notification.desktop_notification.win32': Not used on non-Windows systems
[24.076s] INFO:colcon.colcon_notification.desktop_notification:Sending desktop notification using 'notify2'
[24.118s] DEBUG:colcon.colcon_notification.desktop_notification.notify2:Failed to initialize notify2: org.freedesktop.DBus.Error.ServiceUnknown: The name org.freedesktop.Notifications was not provided by any .service files
[24.120s] DEBUG:colcon.colcon_core.event_reactor:joined thread
[24.124s] INFO:colcon.colcon_core.shell:Creating prefix script '/home/robo2w/ros2_ws/install/local_setup.ps1'
[24.137s] INFO:colcon.colcon_core.shell:Creating prefix util module '/home/robo2w/ros2_ws/install/_local_setup_util_ps1.py'
[24.157s] INFO:colcon.colcon_core.shell:Creating prefix chain script '/home/robo2w/ros2_ws/install/setup.ps1'
[24.175s] INFO:colcon.colcon_core.shell:Creating prefix script '/home/robo2w/ros2_ws/install/local_setup.sh'
[24.183s] INFO:colcon.colcon_core.shell:Creating prefix util module '/home/robo2w/ros2_ws/install/_local_setup_util_sh.py'
[24.190s] INFO:colcon.colcon_core.shell:Creating prefix chain script '/home/robo2w/ros2_ws/install/setup.sh'
[24.203s] INFO:colcon.colcon_core.shell:Creating prefix script '/home/robo2w/ros2_ws/install/local_setup.bash'
[24.209s] INFO:colcon.colcon_core.shell:Creating prefix chain script '/home/robo2w/ros2_ws/install/setup.bash'
[24.224s] INFO:colcon.colcon_core.shell:Creating prefix script '/home/robo2w/ros2_ws/install/local_setup.zsh'
[24.231s] INFO:colcon.colcon_core.shell:Creating prefix chain script '/home/robo2w/ros2_ws/install/setup.zsh'
