[2.844s] DEBUG:colcon:Command line arguments: ['/usr/bin/colcon', 'build', '--packages-select', 'robo2w_stuff', '--sym']
[2.848s] DEBUG:colcon:Parsed command line arguments: Namespace(log_base=None, log_level=None, verb_name='build', build_base='build', install_base='install', merge_install=False, symlink_install=True, test_result_base=None, continue_on_error=False, executor='parallel', parallel_workers=4, event_handlers=None, ignore_user_meta=False, metas=['./colcon.meta'], base_paths=['.'], packages_ignore=None, packages_ignore_regex=None, paths=None, packages_up_to=None, packages_up_to_regex=None, packages_above=None, packages_above_and_dependencies=None, packages_above_depth=None, packages_select_by_dep=None, packages_skip_by_dep=None, packages_skip_up_to=None, packages_select_build_failed=False, packages_skip_build_finished=False, packages_select_test_failures=False, packages_skip_test_passed=False, packages_select=['robo2w_stuff'], packages_skip=None, packages_select_regex=None, packages_skip_regex=None, packages_start=None, packages_end=None, allow_overriding=[], cmake_args=None, cmake_target=None, cmake_target_skip_unavailable=False, cmake_clean_cache=False, cmake_clean_first=False, cmake_force_configure=False, ament_cmake_args=None, catkin_cmake_args=None, catkin_skip_building_tests=False, mixin_files=None, mixin=None, verb_parser=<colcon_mixin.mixin.mixin_argument.MixinArgumentDecorator object at 0xffff89768970>, verb_extension=<colcon_core.verb.build.BuildVerb object at 0xffff898990c0>, main=<bound method BuildVerb.main of <colcon_core.verb.build.BuildVerb object at 0xffff898990c0>>, mixin_verb=('build',))
[6.946s] Level 1:colcon.colcon_core.package_discovery:discover_packages(colcon_meta) check parameters
[6.948s] Level 1:colcon.colcon_core.package_discovery:discover_packages(recursive) check parameters
[6.949s] Level 1:colcon.colcon_core.package_discovery:discover_packages(ignore) check parameters
[6.949s] Level 1:colcon.colcon_core.package_discovery:discover_packages(path) check parameters
[6.950s] Level 1:colcon.colcon_core.package_discovery:discover_packages(colcon_meta) discover
[6.950s] Level 1:colcon.colcon_core.package_discovery:discover_packages(recursive) discover
[6.951s] INFO:colcon.colcon_core.package_discovery:Crawling recursively for packages in '/home/robo2w/ros2_ws'
[6.955s] Level 1:colcon.colcon_core.package_identification:_identify(.) by extensions ['ignore', 'ignore_ament_install']
[6.956s] Level 1:colcon.colcon_core.package_identification:_identify(.) by extension 'ignore'
[6.960s] Level 1:colcon.colcon_core.package_identification:_identify(.) by extension 'ignore_ament_install'
[6.961s] Level 1:colcon.colcon_core.package_identification:_identify(.) by extensions ['colcon_pkg']
[6.962s] Level 1:colcon.colcon_core.package_identification:_identify(.) by extension 'colcon_pkg'
[6.963s] Level 1:colcon.colcon_core.package_identification:_identify(.) by extensions ['colcon_meta']
[6.964s] Level 1:colcon.colcon_core.package_identification:_identify(.) by extension 'colcon_meta'
[6.964s] Level 1:colcon.colcon_core.package_identification:_identify(.) by extensions ['ros']
[6.965s] Level 1:colcon.colcon_core.package_identification:_identify(.) by extension 'ros'
[7.157s] Level 1:colcon.colcon_core.package_identification:_identify(.) by extensions ['cmake', 'python']
[7.158s] Level 1:colcon.colcon_core.package_identification:_identify(.) by extension 'cmake'
[7.159s] Level 1:colcon.colcon_core.package_identification:_identify(.) by extension 'python'
[7.159s] Level 1:colcon.colcon_core.package_identification:_identify(.) by extensions ['python_setup_py']
[7.160s] Level 1:colcon.colcon_core.package_identification:_identify(.) by extension 'python_setup_py'
[7.163s] Level 1:colcon.colcon_core.package_identification:_identify(build) by extensions ['ignore', 'ignore_ament_install']
[7.164s] Level 1:colcon.colcon_core.package_identification:_identify(build) by extension 'ignore'
[7.165s] Level 1:colcon.colcon_core.package_identification:_identify(build) ignored
[7.168s] Level 1:colcon.colcon_core.package_identification:_identify(install) by extensions ['ignore', 'ignore_ament_install']
[7.169s] Level 1:colcon.colcon_core.package_identification:_identify(install) by extension 'ignore'
[7.169s] Level 1:colcon.colcon_core.package_identification:_identify(install) ignored
[7.171s] Level 1:colcon.colcon_core.package_identification:_identify(log) by extensions ['ignore', 'ignore_ament_install']
[7.172s] Level 1:colcon.colcon_core.package_identification:_identify(log) by extension 'ignore'
[7.173s] Level 1:colcon.colcon_core.package_identification:_identify(log) ignored
[7.174s] Level 1:colcon.colcon_core.package_identification:_identify(src) by extensions ['ignore', 'ignore_ament_install']
[7.175s] Level 1:colcon.colcon_core.package_identification:_identify(src) by extension 'ignore'
[7.176s] Level 1:colcon.colcon_core.package_identification:_identify(src) by extension 'ignore_ament_install'
[7.177s] Level 1:colcon.colcon_core.package_identification:_identify(src) by extensions ['colcon_pkg']
[7.177s] Level 1:colcon.colcon_core.package_identification:_identify(src) by extension 'colcon_pkg'
[7.178s] Level 1:colcon.colcon_core.package_identification:_identify(src) by extensions ['colcon_meta']
[7.179s] Level 1:colcon.colcon_core.package_identification:_identify(src) by extension 'colcon_meta'
[7.179s] Level 1:colcon.colcon_core.package_identification:_identify(src) by extensions ['ros']
[7.180s] Level 1:colcon.colcon_core.package_identification:_identify(src) by extension 'ros'
[7.181s] Level 1:colcon.colcon_core.package_identification:_identify(src) by extensions ['cmake', 'python']
[7.181s] Level 1:colcon.colcon_core.package_identification:_identify(src) by extension 'cmake'
[7.182s] Level 1:colcon.colcon_core.package_identification:_identify(src) by extension 'python'
[7.183s] Level 1:colcon.colcon_core.package_identification:_identify(src) by extensions ['python_setup_py']
[7.183s] Level 1:colcon.colcon_core.package_identification:_identify(src) by extension 'python_setup_py'
[7.185s] Level 1:colcon.colcon_core.package_identification:_identify(src/robo2w_stuff) by extensions ['ignore', 'ignore_ament_install']
[7.186s] Level 1:colcon.colcon_core.package_identification:_identify(src/robo2w_stuff) by extension 'ignore'
[7.187s] Level 1:colcon.colcon_core.package_identification:_identify(src/robo2w_stuff) by extension 'ignore_ament_install'
[7.188s] Level 1:colcon.colcon_core.package_identification:_identify(src/robo2w_stuff) by extensions ['colcon_pkg']
[7.188s] Level 1:colcon.colcon_core.package_identification:_identify(src/robo2w_stuff) by extension 'colcon_pkg'
[7.189s] Level 1:colcon.colcon_core.package_identification:_identify(src/robo2w_stuff) by extensions ['colcon_meta']
[7.189s] Level 1:colcon.colcon_core.package_identification:_identify(src/robo2w_stuff) by extension 'colcon_meta'
[7.190s] Level 1:colcon.colcon_core.package_identification:_identify(src/robo2w_stuff) by extensions ['ros']
[7.191s] Level 1:colcon.colcon_core.package_identification:_identify(src/robo2w_stuff) by extension 'ros'
[7.228s] DEBUG:colcon.colcon_core.package_identification:Package 'src/robo2w_stuff' with type 'ros.ament_python' and name 'robo2w_stuff'
[7.230s] Level 1:colcon.colcon_core.package_identification:_identify(src/ros2_ws_examples) by extensions ['ignore', 'ignore_ament_install']
[7.231s] Level 1:colcon.colcon_core.package_identification:_identify(src/ros2_ws_examples) by extension 'ignore'
[7.232s] Level 1:colcon.colcon_core.package_identification:_identify(src/ros2_ws_examples) by extension 'ignore_ament_install'
[7.233s] Level 1:colcon.colcon_core.package_identification:_identify(src/ros2_ws_examples) by extensions ['colcon_pkg']
[7.233s] Level 1:colcon.colcon_core.package_identification:_identify(src/ros2_ws_examples) by extension 'colcon_pkg'
[7.234s] Level 1:colcon.colcon_core.package_identification:_identify(src/ros2_ws_examples) by extensions ['colcon_meta']
[7.234s] Level 1:colcon.colcon_core.package_identification:_identify(src/ros2_ws_examples) by extension 'colcon_meta'
[7.235s] Level 1:colcon.colcon_core.package_identification:_identify(src/ros2_ws_examples) by extensions ['ros']
[7.236s] Level 1:colcon.colcon_core.package_identification:_identify(src/ros2_ws_examples) by extension 'ros'
[7.242s] DEBUG:colcon.colcon_core.package_identification:Package 'src/ros2_ws_examples' with type 'ros.ament_python' and name 'ros2_ws_examples'
[7.243s] Level 1:colcon.colcon_core.package_discovery:discover_packages(recursive) using defaults
[7.244s] Level 1:colcon.colcon_core.package_discovery:discover_packages(ignore) discover
[7.244s] Level 1:colcon.colcon_core.package_discovery:discover_packages(ignore) using defaults
[7.245s] Level 1:colcon.colcon_core.package_discovery:discover_packages(path) discover
[7.245s] Level 1:colcon.colcon_core.package_discovery:discover_packages(path) using defaults
[7.923s] INFO:colcon.colcon_core.package_selection:Skipping not selected package 'ros2_ws_examples' in 'src/ros2_ws_examples'
[7.938s] Level 1:colcon.colcon_core.package_discovery:discover_packages(prefix_path) check parameters
[7.939s] Level 1:colcon.colcon_core.package_discovery:discover_packages(prefix_path) discover
[8.086s] DEBUG:colcon.colcon_installed_package_information.package_discovery:Found 2 installed packages in /home/robo2w/ros2_ws/install
[8.123s] DEBUG:colcon.colcon_installed_package_information.package_discovery:Found 192 installed packages in /opt/ros/iron
[8.136s] Level 1:colcon.colcon_core.package_discovery:discover_packages(prefix_path) using defaults
[9.663s] Level 5:colcon.colcon_core.verb:set package 'robo2w_stuff' build argument 'cmake_args' from command line to 'None'
[9.663s] Level 5:colcon.colcon_core.verb:set package 'robo2w_stuff' build argument 'cmake_target' from command line to 'None'
[9.665s] Level 5:colcon.colcon_core.verb:set package 'robo2w_stuff' build argument 'cmake_target_skip_unavailable' from command line to 'False'
[9.666s] Level 5:colcon.colcon_core.verb:set package 'robo2w_stuff' build argument 'cmake_clean_cache' from command line to 'False'
[9.666s] Level 5:colcon.colcon_core.verb:set package 'robo2w_stuff' build argument 'cmake_clean_first' from command line to 'False'
[9.667s] Level 5:colcon.colcon_core.verb:set package 'robo2w_stuff' build argument 'cmake_force_configure' from command line to 'False'
[9.667s] Level 5:colcon.colcon_core.verb:set package 'robo2w_stuff' build argument 'ament_cmake_args' from command line to 'None'
[9.668s] Level 5:colcon.colcon_core.verb:set package 'robo2w_stuff' build argument 'catkin_cmake_args' from command line to 'None'
[9.668s] Level 5:colcon.colcon_core.verb:set package 'robo2w_stuff' build argument 'catkin_skip_building_tests' from command line to 'False'
[9.668s] DEBUG:colcon.colcon_core.verb:Building package 'robo2w_stuff' with the following arguments: {'ament_cmake_args': None, 'build_base': '/home/robo2w/ros2_ws/build/robo2w_stuff', 'catkin_cmake_args': None, 'catkin_skip_building_tests': False, 'cmake_args': None, 'cmake_clean_cache': False, 'cmake_clean_first': False, 'cmake_force_configure': False, 'cmake_target': None, 'cmake_target_skip_unavailable': False, 'install_base': '/home/robo2w/ros2_ws/install/robo2w_stuff', 'merge_install': False, 'path': '/home/robo2w/ros2_ws/src/robo2w_stuff', 'symlink_install': True, 'test_result_base': None}
[9.670s] INFO:colcon.colcon_core.executor:Executing jobs using 'parallel' executor
[9.689s] DEBUG:colcon.colcon_parallel_executor.executor.parallel:run_until_complete
[9.713s] INFO:colcon.colcon_ros.task.ament_python.build:Building ROS package in '/home/robo2w/ros2_ws/src/robo2w_stuff' with build type 'ament_python'
[9.715s] Level 1:colcon.colcon_core.shell:create_environment_hook('robo2w_stuff', 'ament_prefix_path')
[9.764s] INFO:colcon.colcon_core.plugin_system:Skipping extension 'colcon_core.shell.bat': Not used on non-Windows systems
[9.768s] INFO:colcon.colcon_core.shell:Creating environment hook '/home/robo2w/ros2_ws/install/robo2w_stuff/share/robo2w_stuff/hook/ament_prefix_path.ps1'
[9.790s] INFO:colcon.colcon_core.shell:Creating environment descriptor '/home/robo2w/ros2_ws/install/robo2w_stuff/share/robo2w_stuff/hook/ament_prefix_path.dsv'
[9.799s] INFO:colcon.colcon_core.shell:Creating environment hook '/home/robo2w/ros2_ws/install/robo2w_stuff/share/robo2w_stuff/hook/ament_prefix_path.sh'
[9.813s] INFO:colcon.colcon_core.shell:Skip shell extension 'powershell' for command environment: Not usable outside of PowerShell
[9.814s] DEBUG:colcon.colcon_core.shell:Skip shell extension 'dsv' for command environment
[15.002s] INFO:colcon.colcon_core.task.python.build:Building Python package in '/home/robo2w/ros2_ws/src/robo2w_stuff'
[15.006s] INFO:colcon.colcon_core.shell:Skip shell extension 'powershell' for command environment: Not usable outside of PowerShell
[15.007s] DEBUG:colcon.colcon_core.shell:Skip shell extension 'dsv' for command environment
[22.553s] DEBUG:colcon.colcon_core.event_handler.log_command:Invoking command in '/home/robo2w/ros2_ws/build/robo2w_stuff': PYTHONPATH=/home/robo2w/ros2_ws/build/robo2w_stuff/prefix_override:/usr/lib/python3/dist-packages/colcon_core/task/python/colcon_distutils_commands:/home/robo2w/ros2_ws/install/robo2w_stuff/lib/python3.10/site-packages:${PYTHONPATH} /usr/bin/python3 -W ignore:setup.py install is deprecated setup.py develop --editable --build-directory /home/robo2w/ros2_ws/build/robo2w_stuff/build --no-deps symlink_data
[28.704s] Level 1:colcon.colcon_core.shell:create_environment_hook('robo2w_stuff', 'pythonpath_develop')
[28.707s] INFO:colcon.colcon_core.shell:Creating environment hook '/home/robo2w/ros2_ws/build/robo2w_stuff/share/robo2w_stuff/hook/pythonpath_develop.ps1'
[28.710s] DEBUG:colcon.colcon_core.event_handler.log_command:Invoked command in '/home/robo2w/ros2_ws/build/robo2w_stuff' returned '0': PYTHONPATH=/home/robo2w/ros2_ws/build/robo2w_stuff/prefix_override:/usr/lib/python3/dist-packages/colcon_core/task/python/colcon_distutils_commands:/home/robo2w/ros2_ws/install/robo2w_stuff/lib/python3.10/site-packages:${PYTHONPATH} /usr/bin/python3 -W ignore:setup.py install is deprecated setup.py develop --editable --build-directory /home/robo2w/ros2_ws/build/robo2w_stuff/build --no-deps symlink_data
[28.726s] INFO:colcon.colcon_core.shell:Creating environment descriptor '/home/robo2w/ros2_ws/build/robo2w_stuff/share/robo2w_stuff/hook/pythonpath_develop.dsv'
[28.734s] INFO:colcon.colcon_core.shell:Creating environment hook '/home/robo2w/ros2_ws/build/robo2w_stuff/share/robo2w_stuff/hook/pythonpath_develop.sh'
[28.859s] Level 1:colcon.colcon_core.environment:checking '/home/robo2w/ros2_ws/install/robo2w_stuff' for CMake module files
[28.869s] Level 1:colcon.colcon_core.environment:checking '/home/robo2w/ros2_ws/install/robo2w_stuff' for CMake config files
[28.884s] Level 1:colcon.colcon_core.environment:checking '/home/robo2w/ros2_ws/install/robo2w_stuff/lib'
[28.886s] Level 1:colcon.colcon_core.environment:checking '/home/robo2w/ros2_ws/install/robo2w_stuff/bin'
[28.887s] Level 1:colcon.colcon_core.environment:checking '/home/robo2w/ros2_ws/install/robo2w_stuff/lib/pkgconfig/robo2w_stuff.pc'
[28.891s] Level 1:colcon.colcon_core.environment:checking '/home/robo2w/ros2_ws/install/robo2w_stuff/lib/python3.10/site-packages'
[28.892s] Level 1:colcon.colcon_core.shell:create_environment_hook('robo2w_stuff', 'pythonpath')
[28.895s] INFO:colcon.colcon_core.shell:Creating environment hook '/home/robo2w/ros2_ws/install/robo2w_stuff/share/robo2w_stuff/hook/pythonpath.ps1'
[28.899s] INFO:colcon.colcon_core.shell:Creating environment descriptor '/home/robo2w/ros2_ws/install/robo2w_stuff/share/robo2w_stuff/hook/pythonpath.dsv'
[28.903s] INFO:colcon.colcon_core.shell:Creating environment hook '/home/robo2w/ros2_ws/install/robo2w_stuff/share/robo2w_stuff/hook/pythonpath.sh'
[28.912s] Level 1:colcon.colcon_core.environment:checking '/home/robo2w/ros2_ws/install/robo2w_stuff/bin'
[28.913s] Level 1:colcon.colcon_core.environment:create_environment_scripts_only(robo2w_stuff)
[28.917s] INFO:colcon.colcon_core.shell:Creating package script '/home/robo2w/ros2_ws/install/robo2w_stuff/share/robo2w_stuff/package.ps1'
[28.931s] INFO:colcon.colcon_core.shell:Creating package descriptor '/home/robo2w/ros2_ws/install/robo2w_stuff/share/robo2w_stuff/package.dsv'
[28.948s] INFO:colcon.colcon_core.shell:Creating package script '/home/robo2w/ros2_ws/install/robo2w_stuff/share/robo2w_stuff/package.sh'
[28.960s] INFO:colcon.colcon_core.shell:Creating package script '/home/robo2w/ros2_ws/install/robo2w_stuff/share/robo2w_stuff/package.bash'
[28.972s] INFO:colcon.colcon_core.shell:Creating package script '/home/robo2w/ros2_ws/install/robo2w_stuff/share/robo2w_stuff/package.zsh'
[28.985s] Level 1:colcon.colcon_core.environment:create_file_with_runtime_dependencies(/home/robo2w/ros2_ws/install/robo2w_stuff/share/colcon-core/packages/robo2w_stuff)
[28.992s] DEBUG:colcon.colcon_parallel_executor.executor.parallel:closing loop
[28.995s] DEBUG:colcon.colcon_parallel_executor.executor.parallel:loop closed
[28.996s] DEBUG:colcon.colcon_parallel_executor.executor.parallel:run_until_complete finished with '0'
[28.998s] DEBUG:colcon.colcon_core.event_reactor:joining thread
[29.201s] INFO:colcon.colcon_core.plugin_system:Skipping extension 'colcon_notification.desktop_notification.notify_send': Could not find 'notify-send'
[29.203s] INFO:colcon.colcon_core.plugin_system:Skipping extension 'colcon_notification.desktop_notification.terminal_notifier': Not used on non-Darwin systems
[29.204s] INFO:colcon.colcon_core.plugin_system:Skipping extension 'colcon_notification.desktop_notification.win32': Not used on non-Windows systems
[29.205s] INFO:colcon.colcon_notification.desktop_notification:Sending desktop notification using 'notify2'
[29.326s] DEBUG:colcon.colcon_notification.desktop_notification.notify2:Failed to initialize notify2: org.freedesktop.DBus.Error.ServiceUnknown: The name org.freedesktop.Notifications was not provided by any .service files
[29.327s] DEBUG:colcon.colcon_core.event_reactor:joined thread
[29.332s] INFO:colcon.colcon_core.shell:Creating prefix script '/home/robo2w/ros2_ws/install/local_setup.ps1'
[29.346s] INFO:colcon.colcon_core.shell:Creating prefix util module '/home/robo2w/ros2_ws/install/_local_setup_util_ps1.py'
[29.367s] INFO:colcon.colcon_core.shell:Creating prefix chain script '/home/robo2w/ros2_ws/install/setup.ps1'
[29.384s] INFO:colcon.colcon_core.shell:Creating prefix script '/home/robo2w/ros2_ws/install/local_setup.sh'
[29.394s] INFO:colcon.colcon_core.shell:Creating prefix util module '/home/robo2w/ros2_ws/install/_local_setup_util_sh.py'
[29.401s] INFO:colcon.colcon_core.shell:Creating prefix chain script '/home/robo2w/ros2_ws/install/setup.sh'
[29.416s] INFO:colcon.colcon_core.shell:Creating prefix script '/home/robo2w/ros2_ws/install/local_setup.bash'
[29.424s] INFO:colcon.colcon_core.shell:Creating prefix chain script '/home/robo2w/ros2_ws/install/setup.bash'
[29.440s] INFO:colcon.colcon_core.shell:Creating prefix script '/home/robo2w/ros2_ws/install/local_setup.zsh'
[29.451s] INFO:colcon.colcon_core.shell:Creating prefix chain script '/home/robo2w/ros2_ws/install/setup.zsh'
