[27.435s] Invoking command in '/home/robo2w/ros2_ws/build/robo2w_stuff': PYTHONPATH=/home/robo2w/ros2_ws/build/robo2w_stuff/prefix_override:/usr/lib/python3/dist-packages/colcon_core/task/python/colcon_distutils_commands:/home/robo2w/ros2_ws/install/robo2w_stuff/lib/python3.10/site-packages:${PYTHONPATH} /usr/bin/python3 -W ignore:setup.py install is deprecated setup.py develop --editable --build-directory /home/robo2w/ros2_ws/build/robo2w_stuff/build --no-deps symlink_data
[31.982s] running develop
[31.993s] /usr/lib/python3/dist-packages/setuptools/command/easy_install.py:158: EasyInstallDeprecationWarning: easy_install command is deprecated. Use build and pip and other standards-based tools.
[31.999s]   warnings.warn(
[34.091s] running egg_info
[34.093s] writing robo2w_stuff.egg-info/PKG-INFO
[34.096s] writing dependency_links to robo2w_stuff.egg-info/dependency_links.txt
[34.100s] writing entry points to robo2w_stuff.egg-info/entry_points.txt
[34.103s] writing requirements to robo2w_stuff.egg-info/requires.txt
[34.104s] writing top-level names to robo2w_stuff.egg-info/top_level.txt
[34.126s] reading manifest file 'robo2w_stuff.egg-info/SOURCES.txt'
[34.138s] writing manifest file 'robo2w_stuff.egg-info/SOURCES.txt'
[34.157s] running build_ext
[34.160s] Creating /home/robo2w/ros2_ws/install/robo2w_stuff/lib/python3.10/site-packages/robo2w-stuff.egg-link (link to .)
[34.169s] Installing hcsr04_node script to /home/robo2w/ros2_ws/install/robo2w_stuff/lib/robo2w_stuff
[34.176s] Installing led_node script to /home/robo2w/ros2_ws/install/robo2w_stuff/lib/robo2w_stuff
[34.180s] 
[34.181s] Installed /home/robo2w/ros2_ws/build/robo2w_stuff
[34.183s] running symlink_data
[34.513s] Invoked command in '/home/robo2w/ros2_ws/build/robo2w_stuff' returned '0': PYTHONPATH=/home/robo2w/ros2_ws/build/robo2w_stuff/prefix_override:/usr/lib/python3/dist-packages/colcon_core/task/python/colcon_distutils_commands:/home/robo2w/ros2_ws/install/robo2w_stuff/lib/python3.10/site-packages:${PYTHONPATH} /usr/bin/python3 -W ignore:setup.py install is deprecated setup.py develop --editable --build-directory /home/robo2w/ros2_ws/build/robo2w_stuff/build --no-deps symlink_data
